c:\users\maxim\documents\assimp-object-converter - kopie\x64\debug\assimp-vc142-mtd.dll
c:\users\maxim\documents\assimp-object-converter - kopie\x64\debug\irrlicht.dll
c:\users\maxim\documents\assimp-object-converter - kopie\x64\debug\libpng16d.dll
c:\users\maxim\documents\assimp-object-converter - kopie\x64\debug\zlibd1.dll
c:\users\maxim\documents\assimp-object-converter - kopie\x64\debug\jpeg62.dll
c:\users\maxim\documents\assimp-object-converter - kopie\x64\debug\bz2d.dll
c:\users\maxim\documents\assimp-object-converter - kopie - kopie\x64\debug\assimp-vc142-mtd.dll
c:\users\maxim\documents\assimp-object-converter\assimp\x64\debug\vc142.pdb
c:\users\maxim\documents\assimp-object-converter\assimp\x64\debug\vc142.idb
c:\users\maxim\documents\assimp-object-converter\assimp\x64\debug\datacontainersection.obj
c:\users\maxim\documents\assimp-object-converter\assimp\x64\debug\modelloaderclass.obj
c:\users\maxim\documents\assimp-object-converter\assimp\x64\debug\main.obj
c:\users\maxim\documents\assimp-object-converter\assimp\x64\debug\datafilecontainer.obj
c:\users\maxim\documents\assimp-object-converter\assimp\x64\debug\transform.obj
c:\users\maxim\documents\assimp-object-converter\assimp\x64\debug\datacontainerparser.obj
c:\users\maxim\documents\assimp-object-converter - kopie\assimp\x64\debug\vc142.pdb
c:\users\maxim\documents\assimp-object-converter - kopie\assimp\x64\debug\vc142.idb
c:\users\maxim\documents\assimp-object-converter - kopie\assimp\x64\debug\modelloaderclass.obj
c:\users\maxim\documents\assimp-object-converter - kopie\assimp\x64\debug\main.obj
c:\users\maxim\documents\assimp-object-converter - kopie\assimp\x64\debug\ofbx.obj
c:\users\maxim\documents\assimp-object-converter - kopie\assimp\x64\debug\transform.obj
c:\users\maxim\documents\assimp-object-converter - kopie\assimp\x64\debug\datafilecontainer.obj
c:\users\maxim\documents\assimp-object-converter - kopie\assimp\x64\debug\datacontainersection.obj
c:\users\maxim\documents\assimp-object-converter - kopie\assimp\x64\debug\datacontainerparser.obj
c:\users\maxim\documents\assimp-object-converter - kopie\assimp\x64\debug\transformnode.obj
c:\users\maxim\documents\assimp-object-converter - kopie - kopie\assimp\x64\debug\vc142.pdb
c:\users\maxim\documents\assimp-object-converter - kopie - kopie\assimp\x64\debug\vc142.idb
c:\users\maxim\documents\assimp-object-converter - kopie - kopie\assimp\x64\debug\modelloaderclass.obj
c:\users\maxim\documents\assimp-object-converter - kopie - kopie\assimp\x64\debug\main.obj
c:\users\maxim\documents\assimp-object-converter - kopie - kopie\assimp\x64\debug\ofbx.obj
c:\users\maxim\documents\assimp-object-converter - kopie - kopie\assimp\x64\debug\transformnode.obj
c:\users\maxim\documents\assimp-object-converter - kopie - kopie\assimp\x64\debug\datafilecontainer.obj
c:\users\maxim\documents\assimp-object-converter - kopie - kopie\assimp\x64\debug\datacontainersection.obj
c:\users\maxim\documents\assimp-object-converter - kopie - kopie\assimp\x64\debug\datacontainerparser.obj
c:\users\maxim\documents\assimp-object-converter - kopie - kopie\assimp\x64\debug\animatedmesh.obj
c:\users\maxim\documents\assimp-object-converter\x64\debug\assimp.exe
c:\users\maxim\documents\assimp-object-converter\assimp\x64\debug\assimp.ilk
c:\users\maxim\documents\assimp-object-converter\x64\debug\assimp.pdb
c:\users\maxim\documents\assimp-object-converter - kopie\x64\debug\assimp.exe
c:\users\maxim\documents\assimp-object-converter - kopie\assimp\x64\debug\assimp.ilk
c:\users\maxim\documents\assimp-object-converter - kopie\x64\debug\assimp.pdb
c:\users\maxim\documents\assimp-object-converter - kopie - kopie\assimp\x64\debug\assimp.ilk
c:\users\maxim\documents\assimp-object-converter - kopie - kopie\x64\debug\assimp.exe
c:\users\maxim\documents\assimp-object-converter - kopie - kopie\x64\debug\assimp.pdb
c:\users\maxim\documents\assimp-object-converter - kopie - kopie\assimp\x64\debug\miniz.obj
c:\users\maxim\documents\assimp-object-converter - kopie - kopie\assimp\x64\debug\transform.obj
c:\users\maxim\documents\assimp-object-converter - kopie - kopie\assimp\x64\debug\datacontainerparser.obj.enc
c:\users\maxim\documents\assimp-object-converter - kopie - kopie\assimp\x64\debug\modelloaderclass.new.obj.enc
c:\users\maxim\documents\assimp-object-converter - kopie - kopie\assimp\x64\debug\modelloaderclass.obj.enc
c:\users\maxim\documents\assimp-object-converter - kopie - kopie\assimp\x64\debug\vc140.idb
c:\users\maxim\documents\assimp-object-converter - kopie - kopie\assimp\x64\debug\vc140.pdb
c:\users\maxim\documents\assimp-object-converter - kopie - kopie\x64\debug\assimp.ilk
c:\users\maxim\documents\assimp-object-converter - kopie - kopie\assimp\x64\debug\assimp.tlog\assimp.write.1u.tlog
c:\users\maxim\documents\assimp-object-converter - kopie - kopie\assimp\x64\debug\assimp.tlog\cl.command.1.tlog
c:\users\maxim\documents\assimp-object-converter - kopie - kopie\assimp\x64\debug\assimp.tlog\cl.read.1.tlog
c:\users\maxim\documents\assimp-object-converter - kopie - kopie\assimp\x64\debug\assimp.tlog\cl.write.1.tlog
c:\users\maxim\documents\assimp-object-converter - kopie - kopie\assimp\x64\debug\assimp.tlog\link.command.1.tlog
c:\users\maxim\documents\assimp-object-converter - kopie - kopie\assimp\x64\debug\assimp.tlog\link.read.1.tlog
c:\users\maxim\documents\assimp-object-converter - kopie - kopie\assimp\x64\debug\assimp.tlog\link.write.1.tlog
