C:\Program Files\Microsoft Visual Studio\2022\Professional\MSBuild\Microsoft\VC\v170\Microsoft.CppBuild.targets(514,5): warning MSB8028: Das Zwischenverzeichnis (x64\Debug\) enthält freigegebene Dateien aus einem anderen Projekt (Assimp.vcxproj). Dies kann zu einem falschen Bereinigungs- und Neuerstellungsverhalten führen.
  main.cpp
C:\Users\maxim\Documents\FbxSdkConverter\Assimp\AnimatedMesh.h(21,29): warning C4244: "=": Konvertierung von "T" in "float", möglicher Datenverlust
          with
          [
              T=fbxsdk::FbxDouble
          ]
C:\Users\maxim\Documents\FbxSdkConverter\Assimp\AnimatedMesh.h(22,29): warning C4244: "=": Konvertierung von "T" in "float", möglicher Datenverlust
          with
          [
              T=fbxsdk::FbxDouble
          ]
C:\Users\maxim\Documents\FbxSdkConverter\Assimp\AnimatedMesh.h(23,29): warning C4244: "=": Konvertierung von "T" in "float", möglicher Datenverlust
          with
          [
              T=fbxsdk::FbxDouble
          ]
C:\Users\maxim\Documents\FbxSdkConverter\Assimp\AnimatedMesh.h(25,31): warning C4244: "=": Konvertierung von "T" in "float", möglicher Datenverlust
          with
          [
              T=fbxsdk::FbxDouble
          ]
C:\Users\maxim\Documents\FbxSdkConverter\Assimp\AnimatedMesh.h(26,31): warning C4244: "=": Konvertierung von "T" in "float", möglicher Datenverlust
          with
          [
              T=fbxsdk::FbxDouble
          ]
C:\Users\maxim\Documents\FbxSdkConverter\Assimp\AnimatedMesh.h(27,31): warning C4244: "=": Konvertierung von "T" in "float", möglicher Datenverlust
          with
          [
              T=fbxsdk::FbxDouble
          ]
C:\Users\maxim\Documents\FbxSdkConverter\Assimp\AnimatedMesh.h(28,31): warning C4244: "=": Konvertierung von "T" in "float", möglicher Datenverlust
          with
          [
              T=fbxsdk::FbxDouble
          ]
C:\Users\maxim\Documents\FbxSdkConverter\Assimp\AnimatedMesh.h(30,37): warning C4244: "=": Konvertierung von "T" in "float", möglicher Datenverlust
          with
          [
              T=fbxsdk::FbxDouble
          ]
C:\Users\maxim\Documents\FbxSdkConverter\Assimp\AnimatedMesh.h(31,37): warning C4244: "=": Konvertierung von "T" in "float", möglicher Datenverlust
          with
          [
              T=fbxsdk::FbxDouble
          ]
C:\Users\maxim\Documents\FbxSdkConverter\Assimp\AnimatedMesh.h(32,37): warning C4244: "=": Konvertierung von "T" in "float", möglicher Datenverlust
          with
          [
              T=fbxsdk::FbxDouble
          ]
C:\Users\maxim\Documents\FbxSdkConverter\Assimp\AnimatedMesh.h(66,32): warning C4244: "=": Konvertierung von "T" in "float", möglicher Datenverlust
          with
          [
              T=fbxsdk::FbxDouble
          ]
C:\Users\maxim\Documents\FbxSdkConverter\Assimp\AnimatedMesh.h(67,32): warning C4244: "=": Konvertierung von "T" in "float", möglicher Datenverlust
          with
          [
              T=fbxsdk::FbxDouble
          ]
C:\Users\maxim\Documents\FbxSdkConverter\Assimp\AnimatedMesh.h(68,32): warning C4244: "=": Konvertierung von "T" in "float", möglicher Datenverlust
          with
          [
              T=fbxsdk::FbxDouble
          ]
C:\Users\maxim\Documents\FbxSdkConverter\Assimp\AnimatedMesh.h(70,34): warning C4244: "=": Konvertierung von "T" in "float", möglicher Datenverlust
          with
          [
              T=fbxsdk::FbxDouble
          ]
C:\Users\maxim\Documents\FbxSdkConverter\Assimp\AnimatedMesh.h(71,34): warning C4244: "=": Konvertierung von "T" in "float", möglicher Datenverlust
          with
          [
              T=fbxsdk::FbxDouble
          ]
C:\Users\maxim\Documents\FbxSdkConverter\Assimp\AnimatedMesh.h(72,34): warning C4244: "=": Konvertierung von "T" in "float", möglicher Datenverlust
          with
          [
              T=fbxsdk::FbxDouble
          ]
C:\Users\maxim\Documents\FbxSdkConverter\Assimp\AnimatedMesh.h(73,34): warning C4244: "=": Konvertierung von "T" in "float", möglicher Datenverlust
          with
          [
              T=fbxsdk::FbxDouble
          ]
C:\Users\maxim\Documents\FbxSdkConverter\Assimp\AnimatedMesh.h(75,40): warning C4244: "=": Konvertierung von "T" in "float", möglicher Datenverlust
          with
          [
              T=fbxsdk::FbxDouble
          ]
C:\Users\maxim\Documents\FbxSdkConverter\Assimp\AnimatedMesh.h(76,40): warning C4244: "=": Konvertierung von "T" in "float", möglicher Datenverlust
          with
          [
              T=fbxsdk::FbxDouble
          ]
C:\Users\maxim\Documents\FbxSdkConverter\Assimp\AnimatedMesh.h(77,40): warning C4244: "=": Konvertierung von "T" in "float", möglicher Datenverlust
          with
          [
              T=fbxsdk::FbxDouble
          ]
C:\Users\maxim\Documents\FbxSdkConverter\Assimp\AnimatedMesh.h(451,1): warning C4267: "=": Konvertierung von "size_t" nach "int", Datenverlust möglich
C:\Users\maxim\Documents\FbxSdkConverter\Assimp\AnimatedMesh.h(454,1): warning C4267: "=": Konvertierung von "size_t" nach "int", Datenverlust möglich
C:\Users\maxim\Documents\FbxSdkConverter\Assimp\AnimatedMesh.h(457,1): warning C4267: "=": Konvertierung von "size_t" nach "int", Datenverlust möglich
C:\Users\maxim\Documents\FbxSdkConverter\Assimp\AnimatedMesh.h(691,45): warning C4244: "return": Konvertierung von "int" in "float", möglicher Datenverlust
C:\Users\maxim\Documents\FbxSdkConverter\Assimp\main.cpp(60,34): warning C4267: "Initialisierung": Konvertierung von "size_t" nach "int", Datenverlust möglich
C:\Users\maxim\Documents\FbxSdkConverter\Assimp\main.cpp(555,1): warning C4267: "=": Konvertierung von "size_t" nach "int", Datenverlust möglich
C:\Users\maxim\Documents\FbxSdkConverter\Assimp\main.cpp(634,64): warning C4244: "=": Konvertierung von "double" in "float", möglicher Datenverlust
C:\Users\maxim\Documents\FbxSdkConverter\Assimp\main.cpp(663,73): warning C4244: "=": Konvertierung von "fbxsdk::FbxLongLong" in "float", möglicher Datenverlust
C:\Users\maxim\Documents\FbxSdkConverter\Assimp\main.cpp(767,1): warning C4267: "Argument": Konvertierung von "size_t" nach "int", Datenverlust möglich
C:\Users\maxim\Documents\FbxSdkConverter\Assimp\main.cpp(982,60): warning C4244: "Argument": Konvertierung von "uint64_t" in "int", möglicher Datenverlust
C:\Users\maxim\Documents\FbxSdkConverter\Assimp\main.cpp(983,67): warning C4244: "Argument": Konvertierung von "uint64_t" in "int", möglicher Datenverlust
C:\Users\maxim\Documents\FbxSdkConverter\Assimp\main.cpp(1059,45): warning C4244: "Argument": Konvertierung von "int" in "_Ty", möglicher Datenverlust
          with
          [
              _Ty=float
          ]
C:\Users\maxim\Documents\FbxSdkConverter\Assimp\main.cpp(1185,62): warning C4244: "=": Konvertierung von "fbxsdk::FbxLongLong" in "float", möglicher Datenverlust
C:\Users\maxim\Documents\FbxSdkConverter\Assimp\main.cpp(1188,7): warning C4101: "i": Unreferenzierte lokale Variable
C:\Users\maxim\Documents\FbxSdkConverter\Assimp\main.cpp(1266,1): warning C4267: "Argument": Konvertierung von "size_t" nach "int", Datenverlust möglich
C:\Users\maxim\Documents\FbxSdkConverter\Assimp\main.cpp(1557,1): warning C4326: Der Rückgabetyp von "main" sollte "int" und nicht "void" sein
C:\Users\maxim\Documents\FbxSdkConverter\Assimp\main.cpp(1558,7): warning C4101: "result": Unreferenzierte lokale Variable
libfbxsdk-mt.lib(OrImpl.cpp.obj) : warning LNK4099: PDB "alembic-mt.pdb" wurde nicht mit "libfbxsdk-mt.lib(OrImpl.cpp.obj)" oder an "C:\Users\maxim\Documents\FbxSdkConverter\x64\Debug\alembic-mt.pdb" gefunden; Objekt wird verknüpft, als ob keine Debuginformationen vorhanden wären.
libfbxsdk-mt.lib(CprImpl.cpp.obj) : warning LNK4099: PDB "alembic-mt.pdb" wurde nicht mit "libfbxsdk-mt.lib(CprImpl.cpp.obj)" oder an "C:\Users\maxim\Documents\FbxSdkConverter\x64\Debug\alembic-mt.pdb" gefunden; Objekt wird verknüpft, als ob keine Debuginformationen vorhanden wären.
libfbxsdk-mt.lib(ArImpl.cpp.obj) : warning LNK4099: PDB "alembic-mt.pdb" wurde nicht mit "libfbxsdk-mt.lib(ArImpl.cpp.obj)" oder an "C:\Users\maxim\Documents\FbxSdkConverter\x64\Debug\alembic-mt.pdb" gefunden; Objekt wird verknüpft, als ob keine Debuginformationen vorhanden wären.
libfbxsdk-mt.lib(CprImpl.cpp.obj) : warning LNK4099: PDB "alembic-mt.pdb" wurde nicht mit "libfbxsdk-mt.lib(CprImpl.cpp.obj)" oder an "C:\Users\maxim\Documents\FbxSdkConverter\x64\Debug\alembic-mt.pdb" gefunden; Objekt wird verknüpft, als ob keine Debuginformationen vorhanden wären.
libfbxsdk-mt.lib(ArImpl.cpp.obj) : warning LNK4099: PDB "alembic-mt.pdb" wurde nicht mit "libfbxsdk-mt.lib(ArImpl.cpp.obj)" oder an "C:\Users\maxim\Documents\FbxSdkConverter\x64\Debug\alembic-mt.pdb" gefunden; Objekt wird verknüpft, als ob keine Debuginformationen vorhanden wären.
libfbxsdk-mt.lib(OGroup.obj) : warning LNK4099: PDB "alembic-mt.pdb" wurde nicht mit "libfbxsdk-mt.lib(OGroup.obj)" oder an "C:\Users\maxim\Documents\FbxSdkConverter\x64\Debug\alembic-mt.pdb" gefunden; Objekt wird verknüpft, als ob keine Debuginformationen vorhanden wären.
libfbxsdk-mt.lib(IStreams.obj) : warning LNK4099: PDB "alembic-mt.pdb" wurde nicht mit "libfbxsdk-mt.lib(IStreams.obj)" oder an "C:\Users\maxim\Documents\FbxSdkConverter\x64\Debug\alembic-mt.pdb" gefunden; Objekt wird verknüpft, als ob keine Debuginformationen vorhanden wären.
libfbxsdk-mt.lib(IMaterial.obj) : warning LNK4099: PDB "alembic-mt.pdb" wurde nicht mit "libfbxsdk-mt.lib(IMaterial.obj)" oder an "C:\Users\maxim\Documents\FbxSdkConverter\x64\Debug\alembic-mt.pdb" gefunden; Objekt wird verknüpft, als ob keine Debuginformationen vorhanden wären.
libfbxsdk-mt.lib(XformSample.obj) : warning LNK4099: PDB "alembic-mt.pdb" wurde nicht mit "libfbxsdk-mt.lib(XformSample.obj)" oder an "C:\Users\maxim\Documents\FbxSdkConverter\x64\Debug\alembic-mt.pdb" gefunden; Objekt wird verknüpft, als ob keine Debuginformationen vorhanden wären.
libfbxsdk-mt.lib(XformOp.obj) : warning LNK4099: PDB "alembic-mt.pdb" wurde nicht mit "libfbxsdk-mt.lib(XformOp.obj)" oder an "C:\Users\maxim\Documents\FbxSdkConverter\x64\Debug\alembic-mt.pdb" gefunden; Objekt wird verknüpft, als ob keine Debuginformationen vorhanden wären.
libfbxsdk-mt.lib(IXform.obj) : warning LNK4099: PDB "alembic-mt.pdb" wurde nicht mit "libfbxsdk-mt.lib(IXform.obj)" oder an "C:\Users\maxim\Documents\FbxSdkConverter\x64\Debug\alembic-mt.pdb" gefunden; Objekt wird verknüpft, als ob keine Debuginformationen vorhanden wären.
libfbxsdk-mt.lib(ISubD.obj) : warning LNK4099: PDB "alembic-mt.pdb" wurde nicht mit "libfbxsdk-mt.lib(ISubD.obj)" oder an "C:\Users\maxim\Documents\FbxSdkConverter\x64\Debug\alembic-mt.pdb" gefunden; Objekt wird verknüpft, als ob keine Debuginformationen vorhanden wären.
libfbxsdk-mt.lib(IPolyMesh.obj) : warning LNK4099: PDB "alembic-mt.pdb" wurde nicht mit "libfbxsdk-mt.lib(IPolyMesh.obj)" oder an "C:\Users\maxim\Documents\FbxSdkConverter\x64\Debug\alembic-mt.pdb" gefunden; Objekt wird verknüpft, als ob keine Debuginformationen vorhanden wären.
libfbxsdk-mt.lib(INuPatch.obj) : warning LNK4099: PDB "alembic-mt.pdb" wurde nicht mit "libfbxsdk-mt.lib(INuPatch.obj)" oder an "C:\Users\maxim\Documents\FbxSdkConverter\x64\Debug\alembic-mt.pdb" gefunden; Objekt wird verknüpft, als ob keine Debuginformationen vorhanden wären.
libfbxsdk-mt.lib(IFaceSet.obj) : warning LNK4099: PDB "alembic-mt.pdb" wurde nicht mit "libfbxsdk-mt.lib(IFaceSet.obj)" oder an "C:\Users\maxim\Documents\FbxSdkConverter\x64\Debug\alembic-mt.pdb" gefunden; Objekt wird verknüpft, als ob keine Debuginformationen vorhanden wären.
libfbxsdk-mt.lib(ICurves.obj) : warning LNK4099: PDB "alembic-mt.pdb" wurde nicht mit "libfbxsdk-mt.lib(ICurves.obj)" oder an "C:\Users\maxim\Documents\FbxSdkConverter\x64\Debug\alembic-mt.pdb" gefunden; Objekt wird verknüpft, als ob keine Debuginformationen vorhanden wären.
libfbxsdk-mt.lib(IFactory.obj) : warning LNK4099: PDB "alembic-mt.pdb" wurde nicht mit "libfbxsdk-mt.lib(IFactory.obj)" oder an "C:\Users\maxim\Documents\FbxSdkConverter\x64\Debug\alembic-mt.pdb" gefunden; Objekt wird verknüpft, als ob keine Debuginformationen vorhanden wären.
libfbxsdk-mt.lib(IObject.obj) : warning LNK4099: PDB "alembic-mt.pdb" wurde nicht mit "libfbxsdk-mt.lib(IObject.obj)" oder an "C:\Users\maxim\Documents\FbxSdkConverter\x64\Debug\alembic-mt.pdb" gefunden; Objekt wird verknüpft, als ob keine Debuginformationen vorhanden wären.
libfbxsdk-mt.lib(ArchiveInfo.obj) : warning LNK4099: PDB "alembic-mt.pdb" wurde nicht mit "libfbxsdk-mt.lib(ArchiveInfo.obj)" oder an "C:\Users\maxim\Documents\FbxSdkConverter\x64\Debug\alembic-mt.pdb" gefunden; Objekt wird verknüpft, als ob keine Debuginformationen vorhanden wären.
libfbxsdk-mt.lib(WriteUtil.obj) : warning LNK4099: PDB "alembic-mt.pdb" wurde nicht mit "libfbxsdk-mt.lib(WriteUtil.obj)" oder an "C:\Users\maxim\Documents\FbxSdkConverter\x64\Debug\alembic-mt.pdb" gefunden; Objekt wird verknüpft, als ob keine Debuginformationen vorhanden wären.
libfbxsdk-mt.lib(SprImpl.obj) : warning LNK4099: PDB "alembic-mt.pdb" wurde nicht mit "libfbxsdk-mt.lib(SprImpl.obj)" oder an "C:\Users\maxim\Documents\FbxSdkConverter\x64\Debug\alembic-mt.pdb" gefunden; Objekt wird verknüpft, als ob keine Debuginformationen vorhanden wären.
libfbxsdk-mt.lib(ReadUtil.obj) : warning LNK4099: PDB "alembic-mt.pdb" wurde nicht mit "libfbxsdk-mt.lib(ReadUtil.obj)" oder an "C:\Users\maxim\Documents\FbxSdkConverter\x64\Debug\alembic-mt.pdb" gefunden; Objekt wird verknüpft, als ob keine Debuginformationen vorhanden wären.
libfbxsdk-mt.lib(OwData.obj) : warning LNK4099: PDB "alembic-mt.pdb" wurde nicht mit "libfbxsdk-mt.lib(OwData.obj)" oder an "C:\Users\maxim\Documents\FbxSdkConverter\x64\Debug\alembic-mt.pdb" gefunden; Objekt wird verknüpft, als ob keine Debuginformationen vorhanden wären.
libfbxsdk-mt.lib(OrData.obj) : warning LNK4099: PDB "alembic-mt.pdb" wurde nicht mit "libfbxsdk-mt.lib(OrData.obj)" oder an "C:\Users\maxim\Documents\FbxSdkConverter\x64\Debug\alembic-mt.pdb" gefunden; Objekt wird verknüpft, als ob keine Debuginformationen vorhanden wären.
libfbxsdk-mt.lib(MetaDataMap.obj) : warning LNK4099: PDB "alembic-mt.pdb" wurde nicht mit "libfbxsdk-mt.lib(MetaDataMap.obj)" oder an "C:\Users\maxim\Documents\FbxSdkConverter\x64\Debug\alembic-mt.pdb" gefunden; Objekt wird verknüpft, als ob keine Debuginformationen vorhanden wären.
libfbxsdk-mt.lib(CpwData.obj) : warning LNK4099: PDB "alembic-mt.pdb" wurde nicht mit "libfbxsdk-mt.lib(CpwData.obj)" oder an "C:\Users\maxim\Documents\FbxSdkConverter\x64\Debug\alembic-mt.pdb" gefunden; Objekt wird verknüpft, als ob keine Debuginformationen vorhanden wären.
libfbxsdk-mt.lib(CprData.obj) : warning LNK4099: PDB "alembic-mt.pdb" wurde nicht mit "libfbxsdk-mt.lib(CprData.obj)" oder an "C:\Users\maxim\Documents\FbxSdkConverter\x64\Debug\alembic-mt.pdb" gefunden; Objekt wird verknüpft, als ob keine Debuginformationen vorhanden wären.
libfbxsdk-mt.lib(AwImpl.obj) : warning LNK4099: PDB "alembic-mt.pdb" wurde nicht mit "libfbxsdk-mt.lib(AwImpl.obj)" oder an "C:\Users\maxim\Documents\FbxSdkConverter\x64\Debug\alembic-mt.pdb" gefunden; Objekt wird verknüpft, als ob keine Debuginformationen vorhanden wären.
libfbxsdk-mt.lib(ApwImpl.obj) : warning LNK4099: PDB "alembic-mt.pdb" wurde nicht mit "libfbxsdk-mt.lib(ApwImpl.obj)" oder an "C:\Users\maxim\Documents\FbxSdkConverter\x64\Debug\alembic-mt.pdb" gefunden; Objekt wird verknüpft, als ob keine Debuginformationen vorhanden wären.
libfbxsdk-mt.lib(AprImpl.obj) : warning LNK4099: PDB "alembic-mt.pdb" wurde nicht mit "libfbxsdk-mt.lib(AprImpl.obj)" oder an "C:\Users\maxim\Documents\FbxSdkConverter\x64\Debug\alembic-mt.pdb" gefunden; Objekt wird verknüpft, als ob keine Debuginformationen vorhanden wären.
libfbxsdk-mt.lib(TimeSamplingType.obj) : warning LNK4099: PDB "alembic-mt.pdb" wurde nicht mit "libfbxsdk-mt.lib(TimeSamplingType.obj)" oder an "C:\Users\maxim\Documents\FbxSdkConverter\x64\Debug\alembic-mt.pdb" gefunden; Objekt wird verknüpft, als ob keine Debuginformationen vorhanden wären.
libfbxsdk-mt.lib(TimeSampling.obj) : warning LNK4099: PDB "alembic-mt.pdb" wurde nicht mit "libfbxsdk-mt.lib(TimeSampling.obj)" oder an "C:\Users\maxim\Documents\FbxSdkConverter\x64\Debug\alembic-mt.pdb" gefunden; Objekt wird verknüpft, als ob keine Debuginformationen vorhanden wären.
libfbxsdk-mt.lib(Foundation.obj) : warning LNK4099: PDB "alembic-mt.pdb" wurde nicht mit "libfbxsdk-mt.lib(Foundation.obj)" oder an "C:\Users\maxim\Documents\FbxSdkConverter\x64\Debug\alembic-mt.pdb" gefunden; Objekt wird verknüpft, als ob keine Debuginformationen vorhanden wären.
libfbxsdk-mt.lib(ArraySample.obj) : warning LNK4099: PDB "alembic-mt.pdb" wurde nicht mit "libfbxsdk-mt.lib(ArraySample.obj)" oder an "C:\Users\maxim\Documents\FbxSdkConverter\x64\Debug\alembic-mt.pdb" gefunden; Objekt wird verknüpft, als ob keine Debuginformationen vorhanden wären.
libfbxsdk-mt.lib(TokenMap.obj) : warning LNK4099: PDB "alembic-mt.pdb" wurde nicht mit "libfbxsdk-mt.lib(TokenMap.obj)" oder an "C:\Users\maxim\Documents\FbxSdkConverter\x64\Debug\alembic-mt.pdb" gefunden; Objekt wird verknüpft, als ob keine Debuginformationen vorhanden wären.
libfbxsdk-mt.lib(half.obj) : warning LNK4099: PDB "alembic-mt.pdb" wurde nicht mit "libfbxsdk-mt.lib(half.obj)" oder an "C:\Users\maxim\Documents\FbxSdkConverter\x64\Debug\alembic-mt.pdb" gefunden; Objekt wird verknüpft, als ob keine Debuginformationen vorhanden wären.
libfbxsdk-mt.lib(awOSFSAllocator.obj) : warning LNK4099: PDB "libfbxsdk-mt.pdb" wurde nicht mit "libfbxsdk-mt.lib(awOSFSAllocator.obj)" oder an "C:\Users\maxim\Documents\FbxSdkConverter\x64\Debug\libfbxsdk-mt.pdb" gefunden; Objekt wird verknüpft, als ob keine Debuginformationen vorhanden wären.
libfbxsdk-mt.lib(awCacheFileIffIO.obj) : warning LNK4099: PDB "libfbxsdk-mt.pdb" wurde nicht mit "libfbxsdk-mt.lib(awCacheFileIffIO.obj)" oder an "C:\Users\maxim\Documents\FbxSdkConverter\x64\Debug\libfbxsdk-mt.pdb" gefunden; Objekt wird verknüpft, als ob keine Debuginformationen vorhanden wären.
libfbxsdk-mt.lib(awUtilInitializer.obj) : warning LNK4099: PDB "libfbxsdk-mt.pdb" wurde nicht mit "libfbxsdk-mt.lib(awUtilInitializer.obj)" oder an "C:\Users\maxim\Documents\FbxSdkConverter\x64\Debug\libfbxsdk-mt.pdb" gefunden; Objekt wird verknüpft, als ob keine Debuginformationen vorhanden wären.
libfbxsdk-mt.lib(awIffFile8.obj) : warning LNK4099: PDB "libfbxsdk-mt.pdb" wurde nicht mit "libfbxsdk-mt.lib(awIffFile8.obj)" oder an "C:\Users\maxim\Documents\FbxSdkConverter\x64\Debug\libfbxsdk-mt.pdb" gefunden; Objekt wird verknüpft, als ob keine Debuginformationen vorhanden wären.
libfbxsdk-mt.lib(awIffFile4.obj) : warning LNK4099: PDB "libfbxsdk-mt.pdb" wurde nicht mit "libfbxsdk-mt.lib(awIffFile4.obj)" oder an "C:\Users\maxim\Documents\FbxSdkConverter\x64\Debug\libfbxsdk-mt.pdb" gefunden; Objekt wird verknüpft, als ob keine Debuginformationen vorhanden wären.
libfbxsdk-mt.lib(awIffFile.obj) : warning LNK4099: PDB "libfbxsdk-mt.pdb" wurde nicht mit "libfbxsdk-mt.lib(awIffFile.obj)" oder an "C:\Users\maxim\Documents\FbxSdkConverter\x64\Debug\libfbxsdk-mt.pdb" gefunden; Objekt wird verknüpft, als ob keine Debuginformationen vorhanden wären.
libfbxsdk-mt.lib(awTess2dConstrainedTriangulate.obj) : warning LNK4099: PDB "libfbxsdk-mt.pdb" wurde nicht mit "libfbxsdk-mt.lib(awTess2dConstrainedTriangulate.obj)" oder an "C:\Users\maxim\Documents\FbxSdkConverter\x64\Debug\libfbxsdk-mt.pdb" gefunden; Objekt wird verknüpft, als ob keine Debuginformationen vorhanden wären.
libfbxsdk-mt.lib(awGeomTopoMesh.obj) : warning LNK4099: PDB "libfbxsdk-mt.pdb" wurde nicht mit "libfbxsdk-mt.lib(awGeomTopoMesh.obj)" oder an "C:\Users\maxim\Documents\FbxSdkConverter\x64\Debug\libfbxsdk-mt.pdb" gefunden; Objekt wird verknüpft, als ob keine Debuginformationen vorhanden wären.
libfbxsdk-mt.lib(fbxusernotification.obj) : warning LNK4099: PDB "libfbxsdk-mt.pdb" wurde nicht mit "libfbxsdk-mt.lib(fbxusernotification.obj)" oder an "C:\Users\maxim\Documents\FbxSdkConverter\x64\Debug\libfbxsdk-mt.pdb" gefunden; Objekt wird verknüpft, als ob keine Debuginformationen vorhanden wären.
libfbxsdk-mt.lib(fbxscenecheckutility.obj) : warning LNK4099: PDB "libfbxsdk-mt.pdb" wurde nicht mit "libfbxsdk-mt.lib(fbxscenecheckutility.obj)" oder an "C:\Users\maxim\Documents\FbxSdkConverter\x64\Debug\libfbxsdk-mt.pdb" gefunden; Objekt wird verknüpft, als ob keine Debuginformationen vorhanden wären.
libfbxsdk-mt.lib(fbxrootnodeutility.obj) : warning LNK4099: PDB "libfbxsdk-mt.pdb" wurde nicht mit "libfbxsdk-mt.lib(fbxrootnodeutility.obj)" oder an "C:\Users\maxim\Documents\FbxSdkConverter\x64\Debug\libfbxsdk-mt.pdb" gefunden; Objekt wird verknüpft, als ob keine Debuginformationen vorhanden wären.
libfbxsdk-mt.lib(fbxrenamingstrategyutilities.obj) : warning LNK4099: PDB "libfbxsdk-mt.pdb" wurde nicht mit "libfbxsdk-mt.lib(fbxrenamingstrategyutilities.obj)" oder an "C:\Users\maxim\Documents\FbxSdkConverter\x64\Debug\libfbxsdk-mt.pdb" gefunden; Objekt wird verknüpft, als ob keine Debuginformationen vorhanden wären.
libfbxsdk-mt.lib(fbxrenamingstrategyfbx6.obj) : warning LNK4099: PDB "libfbxsdk-mt.pdb" wurde nicht mit "libfbxsdk-mt.lib(fbxrenamingstrategyfbx6.obj)" oder an "C:\Users\maxim\Documents\FbxSdkConverter\x64\Debug\libfbxsdk-mt.pdb" gefunden; Objekt wird verknüpft, als ob keine Debuginformationen vorhanden wären.
libfbxsdk-mt.lib(fbxrenamingstrategyfbx5.obj) : warning LNK4099: PDB "libfbxsdk-mt.pdb" wurde nicht mit "libfbxsdk-mt.lib(fbxrenamingstrategyfbx5.obj)" oder an "C:\Users\maxim\Documents\FbxSdkConverter\x64\Debug\libfbxsdk-mt.pdb" gefunden; Objekt wird verknüpft, als ob keine Debuginformationen vorhanden wären.
libfbxsdk-mt.lib(fbxrenamingstrategybase.obj) : warning LNK4099: PDB "libfbxsdk-mt.pdb" wurde nicht mit "libfbxsdk-mt.lib(fbxrenamingstrategybase.obj)" oder an "C:\Users\maxim\Documents\FbxSdkConverter\x64\Debug\libfbxsdk-mt.pdb" gefunden; Objekt wird verknüpft, als ob keine Debuginformationen vorhanden wären.
libfbxsdk-mt.lib(fbxrenamingstrategy.obj) : warning LNK4099: PDB "libfbxsdk-mt.pdb" wurde nicht mit "libfbxsdk-mt.lib(fbxrenamingstrategy.obj)" oder an "C:\Users\maxim\Documents\FbxSdkConverter\x64\Debug\libfbxsdk-mt.pdb" gefunden; Objekt wird verknüpft, als ob keine Debuginformationen vorhanden wären.
libfbxsdk-mt.lib(fbxprocessorxrefuserlib.obj) : warning LNK4099: PDB "libfbxsdk-mt.pdb" wurde nicht mit "libfbxsdk-mt.lib(fbxprocessorxrefuserlib.obj)" oder an "C:\Users\maxim\Documents\FbxSdkConverter\x64\Debug\libfbxsdk-mt.pdb" gefunden; Objekt wird verknüpft, als ob keine Debuginformationen vorhanden wären.
libfbxsdk-mt.lib(fbxprocessorxref.obj) : warning LNK4099: PDB "libfbxsdk-mt.pdb" wurde nicht mit "libfbxsdk-mt.lib(fbxprocessorxref.obj)" oder an "C:\Users\maxim\Documents\FbxSdkConverter\x64\Debug\libfbxsdk-mt.pdb" gefunden; Objekt wird verknüpft, als ob keine Debuginformationen vorhanden wären.
libfbxsdk-mt.lib(fbxprocessorshaderdependency.obj) : warning LNK4099: PDB "libfbxsdk-mt.pdb" wurde nicht mit "libfbxsdk-mt.lib(fbxprocessorshaderdependency.obj)" oder an "C:\Users\maxim\Documents\FbxSdkConverter\x64\Debug\libfbxsdk-mt.pdb" gefunden; Objekt wird verknüpft, als ob keine Debuginformationen vorhanden wären.
libfbxsdk-mt.lib(fbxprocessor.obj) : warning LNK4099: PDB "libfbxsdk-mt.pdb" wurde nicht mit "libfbxsdk-mt.lib(fbxprocessor.obj)" oder an "C:\Users\maxim\Documents\FbxSdkConverter\x64\Debug\libfbxsdk-mt.pdb" gefunden; Objekt wird verknüpft, als ob keine Debuginformationen vorhanden wären.
libfbxsdk-mt.lib(fbxnodefinderduplicatename.obj) : warning LNK4099: PDB "libfbxsdk-mt.pdb" wurde nicht mit "libfbxsdk-mt.lib(fbxnodefinderduplicatename.obj)" oder an "C:\Users\maxim\Documents\FbxSdkConverter\x64\Debug\libfbxsdk-mt.pdb" gefunden; Objekt wird verknüpft, als ob keine Debuginformationen vorhanden wären.
libfbxsdk-mt.lib(fbxnodefinder.obj) : warning LNK4099: PDB "libfbxsdk-mt.pdb" wurde nicht mit "libfbxsdk-mt.lib(fbxnodefinder.obj)" oder an "C:\Users\maxim\Documents\FbxSdkConverter\x64\Debug\libfbxsdk-mt.pdb" gefunden; Objekt wird verknüpft, als ob keine Debuginformationen vorhanden wären.
libfbxsdk-mt.lib(fbxnamehandler.obj) : warning LNK4099: PDB "libfbxsdk-mt.pdb" wurde nicht mit "libfbxsdk-mt.lib(fbxnamehandler.obj)" oder an "C:\Users\maxim\Documents\FbxSdkConverter\x64\Debug\libfbxsdk-mt.pdb" gefunden; Objekt wird verknüpft, als ob keine Debuginformationen vorhanden wären.
libfbxsdk-mt.lib(fbxmessage.obj) : warning LNK4099: PDB "libfbxsdk-mt.pdb" wurde nicht mit "libfbxsdk-mt.lib(fbxmessage.obj)" oder an "C:\Users\maxim\Documents\FbxSdkConverter\x64\Debug\libfbxsdk-mt.pdb" gefunden; Objekt wird verknüpft, als ob keine Debuginformationen vorhanden wären.
libfbxsdk-mt.lib(fbxmaterialconverter.obj) : warning LNK4099: PDB "libfbxsdk-mt.pdb" wurde nicht mit "libfbxsdk-mt.lib(fbxmaterialconverter.obj)" oder an "C:\Users\maxim\Documents\FbxSdkConverter\x64\Debug\libfbxsdk-mt.pdb" gefunden; Objekt wird verknüpft, als ob keine Debuginformationen vorhanden wären.
libfbxsdk-mt.lib(fbxmanipulators.obj) : warning LNK4099: PDB "libfbxsdk-mt.pdb" wurde nicht mit "libfbxsdk-mt.lib(fbxmanipulators.obj)" oder an "C:\Users\maxim\Documents\FbxSdkConverter\x64\Debug\libfbxsdk-mt.pdb" gefunden; Objekt wird verknüpft, als ob keine Debuginformationen vorhanden wären.
libfbxsdk-mt.lib(fbxlog.obj) : warning LNK4099: PDB "libfbxsdk-mt.pdb" wurde nicht mit "libfbxsdk-mt.lib(fbxlog.obj)" oder an "C:\Users\maxim\Documents\FbxSdkConverter\x64\Debug\libfbxsdk-mt.pdb" gefunden; Objekt wird verknüpft, als ob keine Debuginformationen vorhanden wären.
libfbxsdk-mt.lib(fbxlocale.obj) : warning LNK4099: PDB "libfbxsdk-mt.pdb" wurde nicht mit "libfbxsdk-mt.lib(fbxlocale.obj)" oder an "C:\Users\maxim\Documents\FbxSdkConverter\x64\Debug\libfbxsdk-mt.pdb" gefunden; Objekt wird verknüpft, als ob keine Debuginformationen vorhanden wären.
libfbxsdk-mt.lib(fbxlimitsutilities.obj) : warning LNK4099: PDB "libfbxsdk-mt.pdb" wurde nicht mit "libfbxsdk-mt.lib(fbxlimitsutilities.obj)" oder an "C:\Users\maxim\Documents\FbxSdkConverter\x64\Debug\libfbxsdk-mt.pdb" gefunden; Objekt wird verknüpft, als ob keine Debuginformationen vorhanden wären.
libfbxsdk-mt.lib(fbxgeometryconverter.obj) : warning LNK4099: PDB "libfbxsdk-mt.pdb" wurde nicht mit "libfbxsdk-mt.lib(fbxgeometryconverter.obj)" oder an "C:\Users\maxim\Documents\FbxSdkConverter\x64\Debug\libfbxsdk-mt.pdb" gefunden; Objekt wird verknüpft, als ob keine Debuginformationen vorhanden wären.
libfbxsdk-mt.lib(fbxembeddedfilesaccumulator.obj) : warning LNK4099: PDB "libfbxsdk-mt.pdb" wurde nicht mit "libfbxsdk-mt.lib(fbxembeddedfilesaccumulator.obj)" oder an "C:\Users\maxim\Documents\FbxSdkConverter\x64\Debug\libfbxsdk-mt.pdb" gefunden; Objekt wird verknüpft, als ob keine Debuginformationen vorhanden wären.
libfbxsdk-mt.lib(fbxdependencieshelper.obj) : warning LNK4099: PDB "libfbxsdk-mt.pdb" wurde nicht mit "libfbxsdk-mt.lib(fbxdependencieshelper.obj)" oder an "C:\Users\maxim\Documents\FbxSdkConverter\x64\Debug\libfbxsdk-mt.pdb" gefunden; Objekt wird verknüpft, als ob keine Debuginformationen vorhanden wären.
libfbxsdk-mt.lib(fbxdeformationsevaluator.obj) : warning LNK4099: PDB "libfbxsdk-mt.pdb" wurde nicht mit "libfbxsdk-mt.lib(fbxdeformationsevaluator.obj)" oder an "C:\Users\maxim\Documents\FbxSdkConverter\x64\Debug\libfbxsdk-mt.pdb" gefunden; Objekt wird verknüpft, als ob keine Debuginformationen vorhanden wären.
libfbxsdk-mt.lib(fbxclonemanager.obj) : warning LNK4099: PDB "libfbxsdk-mt.pdb" wurde nicht mit "libfbxsdk-mt.lib(fbxclonemanager.obj)" oder an "C:\Users\maxim\Documents\FbxSdkConverter\x64\Debug\libfbxsdk-mt.pdb" gefunden; Objekt wird verknüpft, als ob keine Debuginformationen vorhanden wären.
libfbxsdk-mt.lib(fbxtexture.obj) : warning LNK4099: PDB "libfbxsdk-mt.pdb" wurde nicht mit "libfbxsdk-mt.lib(fbxtexture.obj)" oder an "C:\Users\maxim\Documents\FbxSdkConverter\x64\Debug\libfbxsdk-mt.pdb" gefunden; Objekt wird verknüpft, als ob keine Debuginformationen vorhanden wären.
libfbxsdk-mt.lib(fbxsurfacephong.obj) : warning LNK4099: PDB "libfbxsdk-mt.pdb" wurde nicht mit "libfbxsdk-mt.lib(fbxsurfacephong.obj)" oder an "C:\Users\maxim\Documents\FbxSdkConverter\x64\Debug\libfbxsdk-mt.pdb" gefunden; Objekt wird verknüpft, als ob keine Debuginformationen vorhanden wären.
libfbxsdk-mt.lib(fbxsurfacematerial.obj) : warning LNK4099: PDB "libfbxsdk-mt.pdb" wurde nicht mit "libfbxsdk-mt.lib(fbxsurfacematerial.obj)" oder an "C:\Users\maxim\Documents\FbxSdkConverter\x64\Debug\libfbxsdk-mt.pdb" gefunden; Objekt wird verknüpft, als ob keine Debuginformationen vorhanden wären.
libfbxsdk-mt.lib(fbxsurfacelambert.obj) : warning LNK4099: PDB "libfbxsdk-mt.pdb" wurde nicht mit "libfbxsdk-mt.lib(fbxsurfacelambert.obj)" oder an "C:\Users\maxim\Documents\FbxSdkConverter\x64\Debug\libfbxsdk-mt.pdb" gefunden; Objekt wird verknüpft, als ob keine Debuginformationen vorhanden wären.
libfbxsdk-mt.lib(fbxsemanticentryview.obj) : warning LNK4099: PDB "libfbxsdk-mt.pdb" wurde nicht mit "libfbxsdk-mt.lib(fbxsemanticentryview.obj)" oder an "C:\Users\maxim\Documents\FbxSdkConverter\x64\Debug\libfbxsdk-mt.pdb" gefunden; Objekt wird verknüpft, als ob keine Debuginformationen vorhanden wären.
libfbxsdk-mt.lib(fbxpropertyentryview.obj) : warning LNK4099: PDB "libfbxsdk-mt.pdb" wurde nicht mit "libfbxsdk-mt.lib(fbxpropertyentryview.obj)" oder an "C:\Users\maxim\Documents\FbxSdkConverter\x64\Debug\libfbxsdk-mt.pdb" gefunden; Objekt wird verknüpft, als ob keine Debuginformationen vorhanden wären.
libfbxsdk-mt.lib(fbxproceduraltexture.obj) : warning LNK4099: PDB "libfbxsdk-mt.pdb" wurde nicht mit "libfbxsdk-mt.lib(fbxproceduraltexture.obj)" oder an "C:\Users\maxim\Documents\FbxSdkConverter\x64\Debug\libfbxsdk-mt.pdb" gefunden; Objekt wird verknüpft, als ob keine Debuginformationen vorhanden wären.
libfbxsdk-mt.lib(fbxlayeredtexture.obj) : warning LNK4099: PDB "libfbxsdk-mt.pdb" wurde nicht mit "libfbxsdk-mt.lib(fbxlayeredtexture.obj)" oder an "C:\Users\maxim\Documents\FbxSdkConverter\x64\Debug\libfbxsdk-mt.pdb" gefunden; Objekt wird verknüpft, als ob keine Debuginformationen vorhanden wären.
libfbxsdk-mt.lib(fbximplementationfilter.obj) : warning LNK4099: PDB "libfbxsdk-mt.pdb" wurde nicht mit "libfbxsdk-mt.lib(fbximplementationfilter.obj)" oder an "C:\Users\maxim\Documents\FbxSdkConverter\x64\Debug\libfbxsdk-mt.pdb" gefunden; Objekt wird verknüpft, als ob keine Debuginformationen vorhanden wären.
libfbxsdk-mt.lib(fbximplementation.obj) : warning LNK4099: PDB "libfbxsdk-mt.pdb" wurde nicht mit "libfbxsdk-mt.lib(fbximplementation.obj)" oder an "C:\Users\maxim\Documents\FbxSdkConverter\x64\Debug\libfbxsdk-mt.pdb" gefunden; Objekt wird verknüpft, als ob keine Debuginformationen vorhanden wären.
libfbxsdk-mt.lib(fbxfiletexture.obj) : warning LNK4099: PDB "libfbxsdk-mt.pdb" wurde nicht mit "libfbxsdk-mt.lib(fbxfiletexture.obj)" oder an "C:\Users\maxim\Documents\FbxSdkConverter\x64\Debug\libfbxsdk-mt.pdb" gefunden; Objekt wird verknüpft, als ob keine Debuginformationen vorhanden wären.
libfbxsdk-mt.lib(fbxbindingtableentry.obj) : warning LNK4099: PDB "libfbxsdk-mt.pdb" wurde nicht mit "libfbxsdk-mt.lib(fbxbindingtableentry.obj)" oder an "C:\Users\maxim\Documents\FbxSdkConverter\x64\Debug\libfbxsdk-mt.pdb" gefunden; Objekt wird verknüpft, als ob keine Debuginformationen vorhanden wären.
libfbxsdk-mt.lib(fbxbindingtablebase.obj) : warning LNK4099: PDB "libfbxsdk-mt.pdb" wurde nicht mit "libfbxsdk-mt.lib(fbxbindingtablebase.obj)" oder an "C:\Users\maxim\Documents\FbxSdkConverter\x64\Debug\libfbxsdk-mt.pdb" gefunden; Objekt wird verknüpft, als ob keine Debuginformationen vorhanden wären.
libfbxsdk-mt.lib(fbxbindingtable.obj) : warning LNK4099: PDB "libfbxsdk-mt.pdb" wurde nicht mit "libfbxsdk-mt.lib(fbxbindingtable.obj)" oder an "C:\Users\maxim\Documents\FbxSdkConverter\x64\Debug\libfbxsdk-mt.pdb" gefunden; Objekt wird verknüpft, als ob keine Debuginformationen vorhanden wären.
libfbxsdk-mt.lib(fbxbindingoperator.obj) : warning LNK4099: PDB "libfbxsdk-mt.pdb" wurde nicht mit "libfbxsdk-mt.lib(fbxbindingoperator.obj)" oder an "C:\Users\maxim\Documents\FbxSdkConverter\x64\Debug\libfbxsdk-mt.pdb" gefunden; Objekt wird verknüpft, als ob keine Debuginformationen vorhanden wären.
libfbxsdk-mt.lib(fbxweightedmapping.obj) : warning LNK4099: PDB "libfbxsdk-mt.pdb" wurde nicht mit "libfbxsdk-mt.lib(fbxweightedmapping.obj)" oder an "C:\Users\maxim\Documents\FbxSdkConverter\x64\Debug\libfbxsdk-mt.pdb" gefunden; Objekt wird verknüpft, als ob keine Debuginformationen vorhanden wären.
libfbxsdk-mt.lib(fbxvertexcachedeformer.obj) : warning LNK4099: PDB "libfbxsdk-mt.pdb" wurde nicht mit "libfbxsdk-mt.lib(fbxvertexcachedeformer.obj)" oder an "C:\Users\maxim\Documents\FbxSdkConverter\x64\Debug\libfbxsdk-mt.pdb" gefunden; Objekt wird verknüpft, als ob keine Debuginformationen vorhanden wären.
libfbxsdk-mt.lib(fbxuniformsurfaceutils.obj) : warning LNK4099: PDB "libfbxsdk-mt.pdb" wurde nicht mit "libfbxsdk-mt.lib(fbxuniformsurfaceutils.obj)" oder an "C:\Users\maxim\Documents\FbxSdkConverter\x64\Debug\libfbxsdk-mt.pdb" gefunden; Objekt wird verknüpft, als ob keine Debuginformationen vorhanden wären.
libfbxsdk-mt.lib(fbxtrimnurbssurface.obj) : warning LNK4099: PDB "libfbxsdk-mt.pdb" wurde nicht mit "libfbxsdk-mt.lib(fbxtrimnurbssurface.obj)" oder an "C:\Users\maxim\Documents\FbxSdkConverter\x64\Debug\libfbxsdk-mt.pdb" gefunden; Objekt wird verknüpft, als ob keine Debuginformationen vorhanden wären.
libfbxsdk-mt.lib(fbxsubdiv.obj) : warning LNK4099: PDB "libfbxsdk-mt.pdb" wurde nicht mit "libfbxsdk-mt.lib(fbxsubdiv.obj)" oder an "C:\Users\maxim\Documents\FbxSdkConverter\x64\Debug\libfbxsdk-mt.pdb" gefunden; Objekt wird verknüpft, als ob keine Debuginformationen vorhanden wären.
libfbxsdk-mt.lib(fbxsubdeformer.obj) : warning LNK4099: PDB "libfbxsdk-mt.pdb" wurde nicht mit "libfbxsdk-mt.lib(fbxsubdeformer.obj)" oder an "C:\Users\maxim\Documents\FbxSdkConverter\x64\Debug\libfbxsdk-mt.pdb" gefunden; Objekt wird verknüpft, als ob keine Debuginformationen vorhanden wären.
libfbxsdk-mt.lib(fbxskin.obj) : warning LNK4099: PDB "libfbxsdk-mt.pdb" wurde nicht mit "libfbxsdk-mt.lib(fbxskin.obj)" oder an "C:\Users\maxim\Documents\FbxSdkConverter\x64\Debug\libfbxsdk-mt.pdb" gefunden; Objekt wird verknüpft, als ob keine Debuginformationen vorhanden wären.
libfbxsdk-mt.lib(fbxskeleton.obj) : warning LNK4099: PDB "libfbxsdk-mt.pdb" wurde nicht mit "libfbxsdk-mt.lib(fbxskeleton.obj)" oder an "C:\Users\maxim\Documents\FbxSdkConverter\x64\Debug\libfbxsdk-mt.pdb" gefunden; Objekt wird verknüpft, als ob keine Debuginformationen vorhanden wären.
libfbxsdk-mt.lib(fbxshape.obj) : warning LNK4099: PDB "libfbxsdk-mt.pdb" wurde nicht mit "libfbxsdk-mt.lib(fbxshape.obj)" oder an "C:\Users\maxim\Documents\FbxSdkConverter\x64\Debug\libfbxsdk-mt.pdb" gefunden; Objekt wird verknüpft, als ob keine Debuginformationen vorhanden wären.
libfbxsdk-mt.lib(fbxproceduralgeometry.obj) : warning LNK4099: PDB "libfbxsdk-mt.pdb" wurde nicht mit "libfbxsdk-mt.lib(fbxproceduralgeometry.obj)" oder an "C:\Users\maxim\Documents\FbxSdkConverter\x64\Debug\libfbxsdk-mt.pdb" gefunden; Objekt wird verknüpft, als ob keine Debuginformationen vorhanden wären.
libfbxsdk-mt.lib(fbxpatch.obj) : warning LNK4099: PDB "libfbxsdk-mt.pdb" wurde nicht mit "libfbxsdk-mt.lib(fbxpatch.obj)" oder an "C:\Users\maxim\Documents\FbxSdkConverter\x64\Debug\libfbxsdk-mt.pdb" gefunden; Objekt wird verknüpft, als ob keine Debuginformationen vorhanden wären.
libfbxsdk-mt.lib(fbxopticalreference.obj) : warning LNK4099: PDB "libfbxsdk-mt.pdb" wurde nicht mit "libfbxsdk-mt.lib(fbxopticalreference.obj)" oder an "C:\Users\maxim\Documents\FbxSdkConverter\x64\Debug\libfbxsdk-mt.pdb" gefunden; Objekt wird verknüpft, als ob keine Debuginformationen vorhanden wären.
libfbxsdk-mt.lib(fbxnurbssurface.obj) : warning LNK4099: PDB "libfbxsdk-mt.pdb" wurde nicht mit "libfbxsdk-mt.lib(fbxnurbssurface.obj)" oder an "C:\Users\maxim\Documents\FbxSdkConverter\x64\Debug\libfbxsdk-mt.pdb" gefunden; Objekt wird verknüpft, als ob keine Debuginformationen vorhanden wären.
libfbxsdk-mt.lib(fbxnurbscurve.obj) : warning LNK4099: PDB "libfbxsdk-mt.pdb" wurde nicht mit "libfbxsdk-mt.lib(fbxnurbscurve.obj)" oder an "C:\Users\maxim\Documents\FbxSdkConverter\x64\Debug\libfbxsdk-mt.pdb" gefunden; Objekt wird verknüpft, als ob keine Debuginformationen vorhanden wären.
libfbxsdk-mt.lib(fbxnurbs.obj) : warning LNK4099: PDB "libfbxsdk-mt.pdb" wurde nicht mit "libfbxsdk-mt.lib(fbxnurbs.obj)" oder an "C:\Users\maxim\Documents\FbxSdkConverter\x64\Debug\libfbxsdk-mt.pdb" gefunden; Objekt wird verknüpft, als ob keine Debuginformationen vorhanden wären.
libfbxsdk-mt.lib(fbxnull.obj) : warning LNK4099: PDB "libfbxsdk-mt.pdb" wurde nicht mit "libfbxsdk-mt.lib(fbxnull.obj)" oder an "C:\Users\maxim\Documents\FbxSdkConverter\x64\Debug\libfbxsdk-mt.pdb" gefunden; Objekt wird verknüpft, als ob keine Debuginformationen vorhanden wären.
libfbxsdk-mt.lib(fbxnodeattribute.obj) : warning LNK4099: PDB "libfbxsdk-mt.pdb" wurde nicht mit "libfbxsdk-mt.lib(fbxnodeattribute.obj)" oder an "C:\Users\maxim\Documents\FbxSdkConverter\x64\Debug\libfbxsdk-mt.pdb" gefunden; Objekt wird verknüpft, als ob keine Debuginformationen vorhanden wären.
libfbxsdk-mt.lib(fbxnode.obj) : warning LNK4099: PDB "libfbxsdk-mt.pdb" wurde nicht mit "libfbxsdk-mt.lib(fbxnode.obj)" oder an "C:\Users\maxim\Documents\FbxSdkConverter\x64\Debug\libfbxsdk-mt.pdb" gefunden; Objekt wird verknüpft, als ob keine Debuginformationen vorhanden wären.
libfbxsdk-mt.lib(fbxmesh.obj) : warning LNK4099: PDB "libfbxsdk-mt.pdb" wurde nicht mit "libfbxsdk-mt.lib(fbxmesh.obj)" oder an "C:\Users\maxim\Documents\FbxSdkConverter\x64\Debug\libfbxsdk-mt.pdb" gefunden; Objekt wird verknüpft, als ob keine Debuginformationen vorhanden wären.
libfbxsdk-mt.lib(fbxmarker.obj) : warning LNK4099: PDB "libfbxsdk-mt.pdb" wurde nicht mit "libfbxsdk-mt.lib(fbxmarker.obj)" oder an "C:\Users\maxim\Documents\FbxSdkConverter\x64\Debug\libfbxsdk-mt.pdb" gefunden; Objekt wird verknüpft, als ob keine Debuginformationen vorhanden wären.
libfbxsdk-mt.lib(fbxlodgroup.obj) : warning LNK4099: PDB "libfbxsdk-mt.pdb" wurde nicht mit "libfbxsdk-mt.lib(fbxlodgroup.obj)" oder an "C:\Users\maxim\Documents\FbxSdkConverter\x64\Debug\libfbxsdk-mt.pdb" gefunden; Objekt wird verknüpft, als ob keine Debuginformationen vorhanden wären.
libfbxsdk-mt.lib(fbxline.obj) : warning LNK4099: PDB "libfbxsdk-mt.pdb" wurde nicht mit "libfbxsdk-mt.lib(fbxline.obj)" oder an "C:\Users\maxim\Documents\FbxSdkConverter\x64\Debug\libfbxsdk-mt.pdb" gefunden; Objekt wird verknüpft, als ob keine Debuginformationen vorhanden wären.
libfbxsdk-mt.lib(fbxlight.obj) : warning LNK4099: PDB "libfbxsdk-mt.pdb" wurde nicht mit "libfbxsdk-mt.lib(fbxlight.obj)" oder an "C:\Users\maxim\Documents\FbxSdkConverter\x64\Debug\libfbxsdk-mt.pdb" gefunden; Objekt wird verknüpft, als ob keine Debuginformationen vorhanden wären.
libfbxsdk-mt.lib(fbxlayercontainer.obj) : warning LNK4099: PDB "libfbxsdk-mt.pdb" wurde nicht mit "libfbxsdk-mt.lib(fbxlayercontainer.obj)" oder an "C:\Users\maxim\Documents\FbxSdkConverter\x64\Debug\libfbxsdk-mt.pdb" gefunden; Objekt wird verknüpft, als ob keine Debuginformationen vorhanden wären.
libfbxsdk-mt.lib(fbxlayer.obj) : warning LNK4099: PDB "libfbxsdk-mt.pdb" wurde nicht mit "libfbxsdk-mt.lib(fbxlayer.obj)" oder an "C:\Users\maxim\Documents\FbxSdkConverter\x64\Debug\libfbxsdk-mt.pdb" gefunden; Objekt wird verknüpft, als ob keine Debuginformationen vorhanden wären.
libfbxsdk-mt.lib(fbxgeometryweightedmap.obj) : warning LNK4099: PDB "libfbxsdk-mt.pdb" wurde nicht mit "libfbxsdk-mt.lib(fbxgeometryweightedmap.obj)" oder an "C:\Users\maxim\Documents\FbxSdkConverter\x64\Debug\libfbxsdk-mt.pdb" gefunden; Objekt wird verknüpft, als ob keine Debuginformationen vorhanden wären.
libfbxsdk-mt.lib(fbxgeometrybase.obj) : warning LNK4099: PDB "libfbxsdk-mt.pdb" wurde nicht mit "libfbxsdk-mt.lib(fbxgeometrybase.obj)" oder an "C:\Users\maxim\Documents\FbxSdkConverter\x64\Debug\libfbxsdk-mt.pdb" gefunden; Objekt wird verknüpft, als ob keine Debuginformationen vorhanden wären.
libfbxsdk-mt.lib(fbxgeometry.obj) : warning LNK4099: PDB "libfbxsdk-mt.pdb" wurde nicht mit "libfbxsdk-mt.lib(fbxgeometry.obj)" oder an "C:\Users\maxim\Documents\FbxSdkConverter\x64\Debug\libfbxsdk-mt.pdb" gefunden; Objekt wird verknüpft, als ob keine Debuginformationen vorhanden wären.
libfbxsdk-mt.lib(fbxgenericnode.obj) : warning LNK4099: PDB "libfbxsdk-mt.pdb" wurde nicht mit "libfbxsdk-mt.lib(fbxgenericnode.obj)" oder an "C:\Users\maxim\Documents\FbxSdkConverter\x64\Debug\libfbxsdk-mt.pdb" gefunden; Objekt wird verknüpft, als ob keine Debuginformationen vorhanden wären.
libfbxsdk-mt.lib(fbxdeformer.obj) : warning LNK4099: PDB "libfbxsdk-mt.pdb" wurde nicht mit "libfbxsdk-mt.lib(fbxdeformer.obj)" oder an "C:\Users\maxim\Documents\FbxSdkConverter\x64\Debug\libfbxsdk-mt.pdb" gefunden; Objekt wird verknüpft, als ob keine Debuginformationen vorhanden wären.
libfbxsdk-mt.lib(fbxcluster.obj) : warning LNK4099: PDB "libfbxsdk-mt.pdb" wurde nicht mit "libfbxsdk-mt.lib(fbxcluster.obj)" oder an "C:\Users\maxim\Documents\FbxSdkConverter\x64\Debug\libfbxsdk-mt.pdb" gefunden; Objekt wird verknüpft, als ob keine Debuginformationen vorhanden wären.
libfbxsdk-mt.lib(fbxcameraswitcher.obj) : warning LNK4099: PDB "libfbxsdk-mt.pdb" wurde nicht mit "libfbxsdk-mt.lib(fbxcameraswitcher.obj)" oder an "C:\Users\maxim\Documents\FbxSdkConverter\x64\Debug\libfbxsdk-mt.pdb" gefunden; Objekt wird verknüpft, als ob keine Debuginformationen vorhanden wären.
libfbxsdk-mt.lib(fbxcamerastereo.obj) : warning LNK4099: PDB "libfbxsdk-mt.pdb" wurde nicht mit "libfbxsdk-mt.lib(fbxcamerastereo.obj)" oder an "C:\Users\maxim\Documents\FbxSdkConverter\x64\Debug\libfbxsdk-mt.pdb" gefunden; Objekt wird verknüpft, als ob keine Debuginformationen vorhanden wären.
libfbxsdk-mt.lib(fbxcamera.obj) : warning LNK4099: PDB "libfbxsdk-mt.pdb" wurde nicht mit "libfbxsdk-mt.lib(fbxcamera.obj)" oder an "C:\Users\maxim\Documents\FbxSdkConverter\x64\Debug\libfbxsdk-mt.pdb" gefunden; Objekt wird verknüpft, als ob keine Debuginformationen vorhanden wären.
libfbxsdk-mt.lib(fbxcachedeffect.obj) : warning LNK4099: PDB "libfbxsdk-mt.pdb" wurde nicht mit "libfbxsdk-mt.lib(fbxcachedeffect.obj)" oder an "C:\Users\maxim\Documents\FbxSdkConverter\x64\Debug\libfbxsdk-mt.pdb" gefunden; Objekt wird verknüpft, als ob keine Debuginformationen vorhanden wären.
libfbxsdk-mt.lib(fbxcache.obj) : warning LNK4099: PDB "libfbxsdk-mt.pdb" wurde nicht mit "libfbxsdk-mt.lib(fbxcache.obj)" oder an "C:\Users\maxim\Documents\FbxSdkConverter\x64\Debug\libfbxsdk-mt.pdb" gefunden; Objekt wird verknüpft, als ob keine Debuginformationen vorhanden wären.
libfbxsdk-mt.lib(fbxblendshapechannel.obj) : warning LNK4099: PDB "libfbxsdk-mt.pdb" wurde nicht mit "libfbxsdk-mt.lib(fbxblendshapechannel.obj)" oder an "C:\Users\maxim\Documents\FbxSdkConverter\x64\Debug\libfbxsdk-mt.pdb" gefunden; Objekt wird verknüpft, als ob keine Debuginformationen vorhanden wären.
libfbxsdk-mt.lib(fbxblendshape.obj) : warning LNK4099: PDB "libfbxsdk-mt.pdb" wurde nicht mit "libfbxsdk-mt.lib(fbxblendshape.obj)" oder an "C:\Users\maxim\Documents\FbxSdkConverter\x64\Debug\libfbxsdk-mt.pdb" gefunden; Objekt wird verknüpft, als ob keine Debuginformationen vorhanden wären.
libfbxsdk-mt.lib(fbxcontrolset.obj) : warning LNK4099: PDB "libfbxsdk-mt.pdb" wurde nicht mit "libfbxsdk-mt.lib(fbxcontrolset.obj)" oder an "C:\Users\maxim\Documents\FbxSdkConverter\x64\Debug\libfbxsdk-mt.pdb" gefunden; Objekt wird verknüpft, als ob keine Debuginformationen vorhanden wären.
libfbxsdk-mt.lib(fbxconstraintsinglechainik.obj) : warning LNK4099: PDB "libfbxsdk-mt.pdb" wurde nicht mit "libfbxsdk-mt.lib(fbxconstraintsinglechainik.obj)" oder an "C:\Users\maxim\Documents\FbxSdkConverter\x64\Debug\libfbxsdk-mt.pdb" gefunden; Objekt wird verknüpft, als ob keine Debuginformationen vorhanden wären.
libfbxsdk-mt.lib(fbxconstraintscale.obj) : warning LNK4099: PDB "libfbxsdk-mt.pdb" wurde nicht mit "libfbxsdk-mt.lib(fbxconstraintscale.obj)" oder an "C:\Users\maxim\Documents\FbxSdkConverter\x64\Debug\libfbxsdk-mt.pdb" gefunden; Objekt wird verknüpft, als ob keine Debuginformationen vorhanden wären.
libfbxsdk-mt.lib(fbxconstraintrotation.obj) : warning LNK4099: PDB "libfbxsdk-mt.pdb" wurde nicht mit "libfbxsdk-mt.lib(fbxconstraintrotation.obj)" oder an "C:\Users\maxim\Documents\FbxSdkConverter\x64\Debug\libfbxsdk-mt.pdb" gefunden; Objekt wird verknüpft, als ob keine Debuginformationen vorhanden wären.
libfbxsdk-mt.lib(fbxconstraintposition.obj) : warning LNK4099: PDB "libfbxsdk-mt.pdb" wurde nicht mit "libfbxsdk-mt.lib(fbxconstraintposition.obj)" oder an "C:\Users\maxim\Documents\FbxSdkConverter\x64\Debug\libfbxsdk-mt.pdb" gefunden; Objekt wird verknüpft, als ob keine Debuginformationen vorhanden wären.
libfbxsdk-mt.lib(fbxconstraintparent.obj) : warning LNK4099: PDB "libfbxsdk-mt.pdb" wurde nicht mit "libfbxsdk-mt.lib(fbxconstraintparent.obj)" oder an "C:\Users\maxim\Documents\FbxSdkConverter\x64\Debug\libfbxsdk-mt.pdb" gefunden; Objekt wird verknüpft, als ob keine Debuginformationen vorhanden wären.
libfbxsdk-mt.lib(fbxconstraintcustom.obj) : warning LNK4099: PDB "libfbxsdk-mt.pdb" wurde nicht mit "libfbxsdk-mt.lib(fbxconstraintcustom.obj)" oder an "C:\Users\maxim\Documents\FbxSdkConverter\x64\Debug\libfbxsdk-mt.pdb" gefunden; Objekt wird verknüpft, als ob keine Debuginformationen vorhanden wären.
libfbxsdk-mt.lib(fbxconstraintaim.obj) : warning LNK4099: PDB "libfbxsdk-mt.pdb" wurde nicht mit "libfbxsdk-mt.lib(fbxconstraintaim.obj)" oder an "C:\Users\maxim\Documents\FbxSdkConverter\x64\Debug\libfbxsdk-mt.pdb" gefunden; Objekt wird verknüpft, als ob keine Debuginformationen vorhanden wären.
libfbxsdk-mt.lib(fbxconstraint.obj) : warning LNK4099: PDB "libfbxsdk-mt.pdb" wurde nicht mit "libfbxsdk-mt.lib(fbxconstraint.obj)" oder an "C:\Users\maxim\Documents\FbxSdkConverter\x64\Debug\libfbxsdk-mt.pdb" gefunden; Objekt wird verknüpft, als ob keine Debuginformationen vorhanden wären.
libfbxsdk-mt.lib(fbxcharacterpose.obj) : warning LNK4099: PDB "libfbxsdk-mt.pdb" wurde nicht mit "libfbxsdk-mt.lib(fbxcharacterpose.obj)" oder an "C:\Users\maxim\Documents\FbxSdkConverter\x64\Debug\libfbxsdk-mt.pdb" gefunden; Objekt wird verknüpft, als ob keine Debuginformationen vorhanden wären.
libfbxsdk-mt.lib(fbxcharacter.obj) : warning LNK4099: PDB "libfbxsdk-mt.pdb" wurde nicht mit "libfbxsdk-mt.lib(fbxcharacter.obj)" oder an "C:\Users\maxim\Documents\FbxSdkConverter\x64\Debug\libfbxsdk-mt.pdb" gefunden; Objekt wird verknüpft, als ob keine Debuginformationen vorhanden wären.
libfbxsdk-mt.lib(kfcurvenode.obj) : warning LNK4099: PDB "libfbxsdk-mt.pdb" wurde nicht mit "libfbxsdk-mt.lib(kfcurvenode.obj)" oder an "C:\Users\maxim\Documents\FbxSdkConverter\x64\Debug\libfbxsdk-mt.pdb" gefunden; Objekt wird verknüpft, als ob keine Debuginformationen vorhanden wären.
libfbxsdk-mt.lib(kfcurveglobal.obj) : warning LNK4099: PDB "libfbxsdk-mt.pdb" wurde nicht mit "libfbxsdk-mt.lib(kfcurveglobal.obj)" oder an "C:\Users\maxim\Documents\FbxSdkConverter\x64\Debug\libfbxsdk-mt.pdb" gefunden; Objekt wird verknüpft, als ob keine Debuginformationen vorhanden wären.
libfbxsdk-mt.lib(kfcurvefilterkeysync.obj) : warning LNK4099: PDB "libfbxsdk-mt.pdb" wurde nicht mit "libfbxsdk-mt.lib(kfcurvefilterkeysync.obj)" oder an "C:\Users\maxim\Documents\FbxSdkConverter\x64\Debug\libfbxsdk-mt.pdb" gefunden; Objekt wird verknüpft, als ob keine Debuginformationen vorhanden wären.
libfbxsdk-mt.lib(kfcurve.obj) : warning LNK4099: PDB "libfbxsdk-mt.pdb" wurde nicht mit "libfbxsdk-mt.lib(kfcurve.obj)" oder an "C:\Users\maxim\Documents\FbxSdkConverter\x64\Debug\libfbxsdk-mt.pdb" gefunden; Objekt wird verknüpft, als ob keine Debuginformationen vorhanden wären.
libfbxsdk-mt.lib(fbxanimutilities.obj) : warning LNK4099: PDB "libfbxsdk-mt.pdb" wurde nicht mit "libfbxsdk-mt.lib(fbxanimutilities.obj)" oder an "C:\Users\maxim\Documents\FbxSdkConverter\x64\Debug\libfbxsdk-mt.pdb" gefunden; Objekt wird verknüpft, als ob keine Debuginformationen vorhanden wären.
libfbxsdk-mt.lib(fbxanimstack.obj) : warning LNK4099: PDB "libfbxsdk-mt.pdb" wurde nicht mit "libfbxsdk-mt.lib(fbxanimstack.obj)" oder an "C:\Users\maxim\Documents\FbxSdkConverter\x64\Debug\libfbxsdk-mt.pdb" gefunden; Objekt wird verknüpft, als ob keine Debuginformationen vorhanden wären.
libfbxsdk-mt.lib(fbxanimlayer.obj) : warning LNK4099: PDB "libfbxsdk-mt.pdb" wurde nicht mit "libfbxsdk-mt.lib(fbxanimlayer.obj)" oder an "C:\Users\maxim\Documents\FbxSdkConverter\x64\Debug\libfbxsdk-mt.pdb" gefunden; Objekt wird verknüpft, als ob keine Debuginformationen vorhanden wären.
libfbxsdk-mt.lib(fbxanimevaluator.obj) : warning LNK4099: PDB "libfbxsdk-mt.pdb" wurde nicht mit "libfbxsdk-mt.lib(fbxanimevaluator.obj)" oder an "C:\Users\maxim\Documents\FbxSdkConverter\x64\Debug\libfbxsdk-mt.pdb" gefunden; Objekt wird verknüpft, als ob keine Debuginformationen vorhanden wären.
libfbxsdk-mt.lib(fbxanimevalstate.obj) : warning LNK4099: PDB "libfbxsdk-mt.pdb" wurde nicht mit "libfbxsdk-mt.lib(fbxanimevalstate.obj)" oder an "C:\Users\maxim\Documents\FbxSdkConverter\x64\Debug\libfbxsdk-mt.pdb" gefunden; Objekt wird verknüpft, als ob keine Debuginformationen vorhanden wären.
libfbxsdk-mt.lib(fbxanimevalclassic.obj) : warning LNK4099: PDB "libfbxsdk-mt.pdb" wurde nicht mit "libfbxsdk-mt.lib(fbxanimevalclassic.obj)" oder an "C:\Users\maxim\Documents\FbxSdkConverter\x64\Debug\libfbxsdk-mt.pdb" gefunden; Objekt wird verknüpft, als ob keine Debuginformationen vorhanden wären.
libfbxsdk-mt.lib(fbxanimcurvenode.obj) : warning LNK4099: PDB "libfbxsdk-mt.pdb" wurde nicht mit "libfbxsdk-mt.lib(fbxanimcurvenode.obj)" oder an "C:\Users\maxim\Documents\FbxSdkConverter\x64\Debug\libfbxsdk-mt.pdb" gefunden; Objekt wird verknüpft, als ob keine Debuginformationen vorhanden wären.
libfbxsdk-mt.lib(fbxanimcurvekfcurve.obj) : warning LNK4099: PDB "libfbxsdk-mt.pdb" wurde nicht mit "libfbxsdk-mt.lib(fbxanimcurvekfcurve.obj)" oder an "C:\Users\maxim\Documents\FbxSdkConverter\x64\Debug\libfbxsdk-mt.pdb" gefunden; Objekt wird verknüpft, als ob keine Debuginformationen vorhanden wären.
libfbxsdk-mt.lib(fbxanimcurvefilterunroll.obj) : warning LNK4099: PDB "libfbxsdk-mt.pdb" wurde nicht mit "libfbxsdk-mt.lib(fbxanimcurvefilterunroll.obj)" oder an "C:\Users\maxim\Documents\FbxSdkConverter\x64\Debug\libfbxsdk-mt.pdb" gefunden; Objekt wird verknüpft, als ob keine Debuginformationen vorhanden wären.
libfbxsdk-mt.lib(fbxanimcurvefiltertss.obj) : warning LNK4099: PDB "libfbxsdk-mt.pdb" wurde nicht mit "libfbxsdk-mt.lib(fbxanimcurvefiltertss.obj)" oder an "C:\Users\maxim\Documents\FbxSdkConverter\x64\Debug\libfbxsdk-mt.pdb" gefunden; Objekt wird verknüpft, als ob keine Debuginformationen vorhanden wären.
libfbxsdk-mt.lib(fbxanimcurvefilterscalecompensate.obj) : warning LNK4099: PDB "libfbxsdk-mt.pdb" wurde nicht mit "libfbxsdk-mt.lib(fbxanimcurvefilterscalecompensate.obj)" oder an "C:\Users\maxim\Documents\FbxSdkConverter\x64\Debug\libfbxsdk-mt.pdb" gefunden; Objekt wird verknüpft, als ob keine Debuginformationen vorhanden wären.
libfbxsdk-mt.lib(fbxanimcurvefilterscale.obj) : warning LNK4099: PDB "libfbxsdk-mt.pdb" wurde nicht mit "libfbxsdk-mt.lib(fbxanimcurvefilterscale.obj)" oder an "C:\Users\maxim\Documents\FbxSdkConverter\x64\Debug\libfbxsdk-mt.pdb" gefunden; Objekt wird verknüpft, als ob keine Debuginformationen vorhanden wären.
libfbxsdk-mt.lib(fbxanimcurvefilterresample.obj) : warning LNK4099: PDB "libfbxsdk-mt.pdb" wurde nicht mit "libfbxsdk-mt.lib(fbxanimcurvefilterresample.obj)" oder an "C:\Users\maxim\Documents\FbxSdkConverter\x64\Debug\libfbxsdk-mt.pdb" gefunden; Objekt wird verknüpft, als ob keine Debuginformationen vorhanden wären.
libfbxsdk-mt.lib(fbxanimcurvefiltermatrixconverter.obj) : warning LNK4099: PDB "libfbxsdk-mt.pdb" wurde nicht mit "libfbxsdk-mt.lib(fbxanimcurvefiltermatrixconverter.obj)" oder an "C:\Users\maxim\Documents\FbxSdkConverter\x64\Debug\libfbxsdk-mt.pdb" gefunden; Objekt wird verknüpft, als ob keine Debuginformationen vorhanden wären.
libfbxsdk-mt.lib(fbxanimcurvefilterkeysync.obj) : warning LNK4099: PDB "libfbxsdk-mt.pdb" wurde nicht mit "libfbxsdk-mt.lib(fbxanimcurvefilterkeysync.obj)" oder an "C:\Users\maxim\Documents\FbxSdkConverter\x64\Debug\libfbxsdk-mt.pdb" gefunden; Objekt wird verknüpft, als ob keine Debuginformationen vorhanden wären.
libfbxsdk-mt.lib(fbxanimcurvefilterkeyreducer.obj) : warning LNK4099: PDB "libfbxsdk-mt.pdb" wurde nicht mit "libfbxsdk-mt.lib(fbxanimcurvefilterkeyreducer.obj)" oder an "C:\Users\maxim\Documents\FbxSdkConverter\x64\Debug\libfbxsdk-mt.pdb" gefunden; Objekt wird verknüpft, als ob keine Debuginformationen vorhanden wären.
libfbxsdk-mt.lib(fbxanimcurvefiltergimblekiller.obj) : warning LNK4099: PDB "libfbxsdk-mt.pdb" wurde nicht mit "libfbxsdk-mt.lib(fbxanimcurvefiltergimblekiller.obj)" oder an "C:\Users\maxim\Documents\FbxSdkConverter\x64\Debug\libfbxsdk-mt.pdb" gefunden; Objekt wird verknüpft, als ob keine Debuginformationen vorhanden wären.
libfbxsdk-mt.lib(fbxanimcurvefilterconstkeyredu.obj) : warning LNK4099: PDB "libfbxsdk-mt.pdb" wurde nicht mit "libfbxsdk-mt.lib(fbxanimcurvefilterconstkeyredu.obj)" oder an "C:\Users\maxim\Documents\FbxSdkConverter\x64\Debug\libfbxsdk-mt.pdb" gefunden; Objekt wird verknüpft, als ob keine Debuginformationen vorhanden wären.
libfbxsdk-mt.lib(fbxanimcurvefilter.obj) : warning LNK4099: PDB "libfbxsdk-mt.pdb" wurde nicht mit "libfbxsdk-mt.lib(fbxanimcurvefilter.obj)" oder an "C:\Users\maxim\Documents\FbxSdkConverter\x64\Debug\libfbxsdk-mt.pdb" gefunden; Objekt wird verknüpft, als ob keine Debuginformationen vorhanden wären.
libfbxsdk-mt.lib(fbxanimcurvebase.obj) : warning LNK4099: PDB "libfbxsdk-mt.pdb" wurde nicht mit "libfbxsdk-mt.lib(fbxanimcurvebase.obj)" oder an "C:\Users\maxim\Documents\FbxSdkConverter\x64\Debug\libfbxsdk-mt.pdb" gefunden; Objekt wird verknüpft, als ob keine Debuginformationen vorhanden wären.
libfbxsdk-mt.lib(fbxanimcurve.obj) : warning LNK4099: PDB "libfbxsdk-mt.pdb" wurde nicht mit "libfbxsdk-mt.lib(fbxanimcurve.obj)" oder an "C:\Users\maxim\Documents\FbxSdkConverter\x64\Debug\libfbxsdk-mt.pdb" gefunden; Objekt wird verknüpft, als ob keine Debuginformationen vorhanden wären.
libfbxsdk-mt.lib(fbxvideo.obj) : warning LNK4099: PDB "libfbxsdk-mt.pdb" wurde nicht mit "libfbxsdk-mt.lib(fbxvideo.obj)" oder an "C:\Users\maxim\Documents\FbxSdkConverter\x64\Debug\libfbxsdk-mt.pdb" gefunden; Objekt wird verknüpft, als ob keine Debuginformationen vorhanden wären.
libfbxsdk-mt.lib(fbxthumbnail.obj) : warning LNK4099: PDB "libfbxsdk-mt.pdb" wurde nicht mit "libfbxsdk-mt.lib(fbxthumbnail.obj)" oder an "C:\Users\maxim\Documents\FbxSdkConverter\x64\Debug\libfbxsdk-mt.pdb" gefunden; Objekt wird verknüpft, als ob keine Debuginformationen vorhanden wären.
libfbxsdk-mt.lib(fbxtakeinfo.obj) : warning LNK4099: PDB "libfbxsdk-mt.pdb" wurde nicht mit "libfbxsdk-mt.lib(fbxtakeinfo.obj)" oder an "C:\Users\maxim\Documents\FbxSdkConverter\x64\Debug\libfbxsdk-mt.pdb" gefunden; Objekt wird verknüpft, als ob keine Debuginformationen vorhanden wären.
libfbxsdk-mt.lib(fbxselectionset.obj) : warning LNK4099: PDB "libfbxsdk-mt.pdb" wurde nicht mit "libfbxsdk-mt.lib(fbxselectionset.obj)" oder an "C:\Users\maxim\Documents\FbxSdkConverter\x64\Debug\libfbxsdk-mt.pdb" gefunden; Objekt wird verknüpft, als ob keine Debuginformationen vorhanden wären.
libfbxsdk-mt.lib(fbxselectionnode.obj) : warning LNK4099: PDB "libfbxsdk-mt.pdb" wurde nicht mit "libfbxsdk-mt.lib(fbxselectionnode.obj)" oder an "C:\Users\maxim\Documents\FbxSdkConverter\x64\Debug\libfbxsdk-mt.pdb" gefunden; Objekt wird verknüpft, als ob keine Debuginformationen vorhanden wären.
libfbxsdk-mt.lib(fbxscene.obj) : warning LNK4099: PDB "libfbxsdk-mt.pdb" wurde nicht mit "libfbxsdk-mt.lib(fbxscene.obj)" oder an "C:\Users\maxim\Documents\FbxSdkConverter\x64\Debug\libfbxsdk-mt.pdb" gefunden; Objekt wird verknüpft, als ob keine Debuginformationen vorhanden wären.
libfbxsdk-mt.lib(fbxreference.obj) : warning LNK4099: PDB "libfbxsdk-mt.pdb" wurde nicht mit "libfbxsdk-mt.lib(fbxreference.obj)" oder an "C:\Users\maxim\Documents\FbxSdkConverter\x64\Debug\libfbxsdk-mt.pdb" gefunden; Objekt wird verknüpft, als ob keine Debuginformationen vorhanden wären.
libfbxsdk-mt.lib(fbxpose.obj) : warning LNK4099: PDB "libfbxsdk-mt.pdb" wurde nicht mit "libfbxsdk-mt.lib(fbxpose.obj)" oder an "C:\Users\maxim\Documents\FbxSdkConverter\x64\Debug\libfbxsdk-mt.pdb" gefunden; Objekt wird verknüpft, als ob keine Debuginformationen vorhanden wären.
libfbxsdk-mt.lib(fbxobjectscontainer.obj) : warning LNK4099: PDB "libfbxsdk-mt.pdb" wurde nicht mit "libfbxsdk-mt.lib(fbxobjectscontainer.obj)" oder an "C:\Users\maxim\Documents\FbxSdkConverter\x64\Debug\libfbxsdk-mt.pdb" gefunden; Objekt wird verknüpft, als ob keine Debuginformationen vorhanden wären.
libfbxsdk-mt.lib(fbxobjectmetadata.obj) : warning LNK4099: PDB "libfbxsdk-mt.pdb" wurde nicht mit "libfbxsdk-mt.lib(fbxobjectmetadata.obj)" oder an "C:\Users\maxim\Documents\FbxSdkConverter\x64\Debug\libfbxsdk-mt.pdb" gefunden; Objekt wird verknüpft, als ob keine Debuginformationen vorhanden wären.
libfbxsdk-mt.lib(fbxmediaclip.obj) : warning LNK4099: PDB "libfbxsdk-mt.pdb" wurde nicht mit "libfbxsdk-mt.lib(fbxmediaclip.obj)" oder an "C:\Users\maxim\Documents\FbxSdkConverter\x64\Debug\libfbxsdk-mt.pdb" gefunden; Objekt wird verknüpft, als ob keine Debuginformationen vorhanden wären.
libfbxsdk-mt.lib(fbxlibrary.obj) : warning LNK4099: PDB "libfbxsdk-mt.pdb" wurde nicht mit "libfbxsdk-mt.lib(fbxlibrary.obj)" oder an "C:\Users\maxim\Documents\FbxSdkConverter\x64\Debug\libfbxsdk-mt.pdb" gefunden; Objekt wird verknüpft, als ob keine Debuginformationen vorhanden wären.
libfbxsdk-mt.lib(fbxenvironment.obj) : warning LNK4099: PDB "libfbxsdk-mt.pdb" wurde nicht mit "libfbxsdk-mt.lib(fbxenvironment.obj)" oder an "C:\Users\maxim\Documents\FbxSdkConverter\x64\Debug\libfbxsdk-mt.pdb" gefunden; Objekt wird verknüpft, als ob keine Debuginformationen vorhanden wären.
libfbxsdk-mt.lib(fbxdocumentinfo.obj) : warning LNK4099: PDB "libfbxsdk-mt.pdb" wurde nicht mit "libfbxsdk-mt.lib(fbxdocumentinfo.obj)" oder an "C:\Users\maxim\Documents\FbxSdkConverter\x64\Debug\libfbxsdk-mt.pdb" gefunden; Objekt wird verknüpft, als ob keine Debuginformationen vorhanden wären.
libfbxsdk-mt.lib(fbxdocument.obj) : warning LNK4099: PDB "libfbxsdk-mt.pdb" wurde nicht mit "libfbxsdk-mt.lib(fbxdocument.obj)" oder an "C:\Users\maxim\Documents\FbxSdkConverter\x64\Debug\libfbxsdk-mt.pdb" gefunden; Objekt wird verknüpft, als ob keine Debuginformationen vorhanden wären.
libfbxsdk-mt.lib(fbxdisplaylayer.obj) : warning LNK4099: PDB "libfbxsdk-mt.pdb" wurde nicht mit "libfbxsdk-mt.lib(fbxdisplaylayer.obj)" oder an "C:\Users\maxim\Documents\FbxSdkConverter\x64\Debug\libfbxsdk-mt.pdb" gefunden; Objekt wird verknüpft, als ob keine Debuginformationen vorhanden wären.
libfbxsdk-mt.lib(fbxcontainertemplate.obj) : warning LNK4099: PDB "libfbxsdk-mt.pdb" wurde nicht mit "libfbxsdk-mt.lib(fbxcontainertemplate.obj)" oder an "C:\Users\maxim\Documents\FbxSdkConverter\x64\Debug\libfbxsdk-mt.pdb" gefunden; Objekt wird verknüpft, als ob keine Debuginformationen vorhanden wären.
libfbxsdk-mt.lib(fbxcontainer.obj) : warning LNK4099: PDB "libfbxsdk-mt.pdb" wurde nicht mit "libfbxsdk-mt.lib(fbxcontainer.obj)" oder an "C:\Users\maxim\Documents\FbxSdkConverter\x64\Debug\libfbxsdk-mt.pdb" gefunden; Objekt wird verknüpft, als ob keine Debuginformationen vorhanden wären.
libfbxsdk-mt.lib(fbxcollectionexclusive.obj) : warning LNK4099: PDB "libfbxsdk-mt.pdb" wurde nicht mit "libfbxsdk-mt.lib(fbxcollectionexclusive.obj)" oder an "C:\Users\maxim\Documents\FbxSdkConverter\x64\Debug\libfbxsdk-mt.pdb" gefunden; Objekt wird verknüpft, als ob keine Debuginformationen vorhanden wären.
libfbxsdk-mt.lib(fbxcollection.obj) : warning LNK4099: PDB "libfbxsdk-mt.pdb" wurde nicht mit "libfbxsdk-mt.lib(fbxcollection.obj)" oder an "C:\Users\maxim\Documents\FbxSdkConverter\x64\Debug\libfbxsdk-mt.pdb" gefunden; Objekt wird verknüpft, als ob keine Debuginformationen vorhanden wären.
libfbxsdk-mt.lib(fbxaxissystem.obj) : warning LNK4099: PDB "libfbxsdk-mt.pdb" wurde nicht mit "libfbxsdk-mt.lib(fbxaxissystem.obj)" oder an "C:\Users\maxim\Documents\FbxSdkConverter\x64\Debug\libfbxsdk-mt.pdb" gefunden; Objekt wird verknüpft, als ob keine Debuginformationen vorhanden wären.
libfbxsdk-mt.lib(fbxaudiolayer.obj) : warning LNK4099: PDB "libfbxsdk-mt.pdb" wurde nicht mit "libfbxsdk-mt.lib(fbxaudiolayer.obj)" oder an "C:\Users\maxim\Documents\FbxSdkConverter\x64\Debug\libfbxsdk-mt.pdb" gefunden; Objekt wird verknüpft, als ob keine Debuginformationen vorhanden wären.
libfbxsdk-mt.lib(fbxaudio.obj) : warning LNK4099: PDB "libfbxsdk-mt.pdb" wurde nicht mit "libfbxsdk-mt.lib(fbxaudio.obj)" oder an "C:\Users\maxim\Documents\FbxSdkConverter\x64\Debug\libfbxsdk-mt.pdb" gefunden; Objekt wird verknüpft, als ob keine Debuginformationen vorhanden wären.
libfbxsdk-mt.lib(fbxreaderzip.obj) : warning LNK4099: PDB "libfbxsdk-mt.pdb" wurde nicht mit "libfbxsdk-mt.lib(fbxreaderzip.obj)" oder an "C:\Users\maxim\Documents\FbxSdkConverter\x64\Debug\libfbxsdk-mt.pdb" gefunden; Objekt wird verknüpft, als ob keine Debuginformationen vorhanden wären.
libfbxsdk-mt.lib(fbxwritervicon.obj) : warning LNK4099: PDB "libfbxsdk-mt.pdb" wurde nicht mit "libfbxsdk-mt.lib(fbxwritervicon.obj)" oder an "C:\Users\maxim\Documents\FbxSdkConverter\x64\Debug\libfbxsdk-mt.pdb" gefunden; Objekt wird verknüpft, als ob keine Debuginformationen vorhanden wären.
libfbxsdk-mt.lib(fbxviconbase.obj) : warning LNK4099: PDB "libfbxsdk-mt.pdb" wurde nicht mit "libfbxsdk-mt.lib(fbxviconbase.obj)" oder an "C:\Users\maxim\Documents\FbxSdkConverter\x64\Debug\libfbxsdk-mt.pdb" gefunden; Objekt wird verknüpft, als ob keine Debuginformationen vorhanden wären.
libfbxsdk-mt.lib(fbxreadervicon.obj) : warning LNK4099: PDB "libfbxsdk-mt.pdb" wurde nicht mit "libfbxsdk-mt.lib(fbxreadervicon.obj)" oder an "C:\Users\maxim\Documents\FbxSdkConverter\x64\Debug\libfbxsdk-mt.pdb" gefunden; Objekt wird verknüpft, als ob keine Debuginformationen vorhanden wären.
libfbxsdk-mt.lib(fbxfilevicon.obj) : warning LNK4099: PDB "libfbxsdk-mt.pdb" wurde nicht mit "libfbxsdk-mt.lib(fbxfilevicon.obj)" oder an "C:\Users\maxim\Documents\FbxSdkConverter\x64\Debug\libfbxsdk-mt.pdb" gefunden; Objekt wird verknüpft, als ob keine Debuginformationen vorhanden wären.
libfbxsdk-mt.lib(fbxwriterobj.obj) : warning LNK4099: PDB "libfbxsdk-mt.pdb" wurde nicht mit "libfbxsdk-mt.lib(fbxwriterobj.obj)" oder an "C:\Users\maxim\Documents\FbxSdkConverter\x64\Debug\libfbxsdk-mt.pdb" gefunden; Objekt wird verknüpft, als ob keine Debuginformationen vorhanden wären.
libfbxsdk-mt.lib(fbxreaderobj.obj) : warning LNK4099: PDB "libfbxsdk-mt.pdb" wurde nicht mit "libfbxsdk-mt.lib(fbxreaderobj.obj)" oder an "C:\Users\maxim\Documents\FbxSdkConverter\x64\Debug\libfbxsdk-mt.pdb" gefunden; Objekt wird verknüpft, als ob keine Debuginformationen vorhanden wären.
libfbxsdk-mt.lib(fbxwritermotionanalysistrc.obj) : warning LNK4099: PDB "libfbxsdk-mt.pdb" wurde nicht mit "libfbxsdk-mt.lib(fbxwritermotionanalysistrc.obj)" oder an "C:\Users\maxim\Documents\FbxSdkConverter\x64\Debug\libfbxsdk-mt.pdb" gefunden; Objekt wird verknüpft, als ob keine Debuginformationen vorhanden wären.
libfbxsdk-mt.lib(fbxwritermotionanalysishtr.obj) : warning LNK4099: PDB "libfbxsdk-mt.pdb" wurde nicht mit "libfbxsdk-mt.lib(fbxwritermotionanalysishtr.obj)" oder an "C:\Users\maxim\Documents\FbxSdkConverter\x64\Debug\libfbxsdk-mt.pdb" gefunden; Objekt wird verknüpft, als ob keine Debuginformationen vorhanden wären.
libfbxsdk-mt.lib(fbxreadermotionanalysistrc.obj) : warning LNK4099: PDB "libfbxsdk-mt.pdb" wurde nicht mit "libfbxsdk-mt.lib(fbxreadermotionanalysistrc.obj)" oder an "C:\Users\maxim\Documents\FbxSdkConverter\x64\Debug\libfbxsdk-mt.pdb" gefunden; Objekt wird verknüpft, als ob keine Debuginformationen vorhanden wären.
libfbxsdk-mt.lib(fbxreadermotionanalysishtr.obj) : warning LNK4099: PDB "libfbxsdk-mt.pdb" wurde nicht mit "libfbxsdk-mt.lib(fbxreadermotionanalysishtr.obj)" oder an "C:\Users\maxim\Documents\FbxSdkConverter\x64\Debug\libfbxsdk-mt.pdb" gefunden; Objekt wird verknüpft, als ob keine Debuginformationen vorhanden wären.
libfbxsdk-mt.lib(fbxfilemotionanalysistrc.obj) : warning LNK4099: PDB "libfbxsdk-mt.pdb" wurde nicht mit "libfbxsdk-mt.lib(fbxfilemotionanalysistrc.obj)" oder an "C:\Users\maxim\Documents\FbxSdkConverter\x64\Debug\libfbxsdk-mt.pdb" gefunden; Objekt wird verknüpft, als ob keine Debuginformationen vorhanden wären.
libfbxsdk-mt.lib(fbxfilemotionanalysishtr.obj) : warning LNK4099: PDB "libfbxsdk-mt.pdb" wurde nicht mit "libfbxsdk-mt.lib(fbxfilemotionanalysishtr.obj)" oder an "C:\Users\maxim\Documents\FbxSdkConverter\x64\Debug\libfbxsdk-mt.pdb" gefunden; Objekt wird verknüpft, als ob keine Debuginformationen vorhanden wären.
libfbxsdk-mt.lib(fbxwritermotionbase.obj) : warning LNK4099: PDB "libfbxsdk-mt.pdb" wurde nicht mit "libfbxsdk-mt.lib(fbxwritermotionbase.obj)" oder an "C:\Users\maxim\Documents\FbxSdkConverter\x64\Debug\libfbxsdk-mt.pdb" gefunden; Objekt wird verknüpft, als ob keine Debuginformationen vorhanden wären.
libfbxsdk-mt.lib(fbxuniquenameobjectlist.obj) : warning LNK4099: PDB "libfbxsdk-mt.pdb" wurde nicht mit "libfbxsdk-mt.lib(fbxuniquenameobjectlist.obj)" oder an "C:\Users\maxim\Documents\FbxSdkConverter\x64\Debug\libfbxsdk-mt.pdb" gefunden; Objekt wird verknüpft, als ob keine Debuginformationen vorhanden wären.
libfbxsdk-mt.lib(fbxtextfile.obj) : warning LNK4099: PDB "libfbxsdk-mt.pdb" wurde nicht mit "libfbxsdk-mt.lib(fbxtextfile.obj)" oder an "C:\Users\maxim\Documents\FbxSdkConverter\x64\Debug\libfbxsdk-mt.pdb" gefunden; Objekt wird verknüpft, als ob keine Debuginformationen vorhanden wären.
libfbxsdk-mt.lib(fbxreadermotionbase.obj) : warning LNK4099: PDB "libfbxsdk-mt.pdb" wurde nicht mit "libfbxsdk-mt.lib(fbxreadermotionbase.obj)" oder an "C:\Users\maxim\Documents\FbxSdkConverter\x64\Debug\libfbxsdk-mt.pdb" gefunden; Objekt wird verknüpft, als ob keine Debuginformationen vorhanden wären.
libfbxsdk-mt.lib(fbxwriterfbx7.obj) : warning LNK4099: PDB "libfbxsdk-mt.pdb" wurde nicht mit "libfbxsdk-mt.lib(fbxwriterfbx7.obj)" oder an "C:\Users\maxim\Documents\FbxSdkConverter\x64\Debug\libfbxsdk-mt.pdb" gefunden; Objekt wird verknüpft, als ob keine Debuginformationen vorhanden wären.
libfbxsdk-mt.lib(fbxwriterfbx6.obj) : warning LNK4099: PDB "libfbxsdk-mt.pdb" wurde nicht mit "libfbxsdk-mt.lib(fbxwriterfbx6.obj)" oder an "C:\Users\maxim\Documents\FbxSdkConverter\x64\Debug\libfbxsdk-mt.pdb" gefunden; Objekt wird verknüpft, als ob keine Debuginformationen vorhanden wären.
libfbxsdk-mt.lib(fbxwriterfbx5.obj) : warning LNK4099: PDB "libfbxsdk-mt.pdb" wurde nicht mit "libfbxsdk-mt.lib(fbxwriterfbx5.obj)" oder an "C:\Users\maxim\Documents\FbxSdkConverter\x64\Debug\libfbxsdk-mt.pdb" gefunden; Objekt wird verknüpft, als ob keine Debuginformationen vorhanden wären.
libfbxsdk-mt.lib(fbxreaderfbx7.obj) : warning LNK4099: PDB "libfbxsdk-mt.pdb" wurde nicht mit "libfbxsdk-mt.lib(fbxreaderfbx7.obj)" oder an "C:\Users\maxim\Documents\FbxSdkConverter\x64\Debug\libfbxsdk-mt.pdb" gefunden; Objekt wird verknüpft, als ob keine Debuginformationen vorhanden wären.
libfbxsdk-mt.lib(fbxreaderfbx6.obj) : warning LNK4099: PDB "libfbxsdk-mt.pdb" wurde nicht mit "libfbxsdk-mt.lib(fbxreaderfbx6.obj)" oder an "C:\Users\maxim\Documents\FbxSdkConverter\x64\Debug\libfbxsdk-mt.pdb" gefunden; Objekt wird verknüpft, als ob keine Debuginformationen vorhanden wären.
libfbxsdk-mt.lib(fbxreaderfbx5.obj) : warning LNK4099: PDB "libfbxsdk-mt.pdb" wurde nicht mit "libfbxsdk-mt.lib(fbxreaderfbx5.obj)" oder an "C:\Users\maxim\Documents\FbxSdkConverter\x64\Debug\libfbxsdk-mt.pdb" gefunden; Objekt wird verknüpft, als ob keine Debuginformationen vorhanden wären.
libfbxsdk-mt.lib(fbxiofieldlist.obj) : warning LNK4099: PDB "libfbxsdk-mt.pdb" wurde nicht mit "libfbxsdk-mt.lib(fbxiofieldlist.obj)" oder an "C:\Users\maxim\Documents\FbxSdkConverter\x64\Debug\libfbxsdk-mt.pdb" gefunden; Objekt wird verknüpft, als ob keine Debuginformationen vorhanden wären.
libfbxsdk-mt.lib(fbxiofield.obj) : warning LNK4099: PDB "libfbxsdk-mt.pdb" wurde nicht mit "libfbxsdk-mt.lib(fbxiofield.obj)" oder an "C:\Users\maxim\Documents\FbxSdkConverter\x64\Debug\libfbxsdk-mt.pdb" gefunden; Objekt wird verknüpft, als ob keine Debuginformationen vorhanden wären.
libfbxsdk-mt.lib(fbxio.obj) : warning LNK4099: PDB "libfbxsdk-mt.pdb" wurde nicht mit "libfbxsdk-mt.lib(fbxio.obj)" oder an "C:\Users\maxim\Documents\FbxSdkConverter\x64\Debug\libfbxsdk-mt.pdb" gefunden; Objekt wird verknüpft, als ob keine Debuginformationen vorhanden wären.
libfbxsdk-mt.lib(fbxwriterdxf.obj) : warning LNK4099: PDB "libfbxsdk-mt.pdb" wurde nicht mit "libfbxsdk-mt.lib(fbxwriterdxf.obj)" oder an "C:\Users\maxim\Documents\FbxSdkConverter\x64\Debug\libfbxsdk-mt.pdb" gefunden; Objekt wird verknüpft, als ob keine Debuginformationen vorhanden wären.
libfbxsdk-mt.lib(fbxreaderdxf.obj) : warning LNK4099: PDB "libfbxsdk-mt.pdb" wurde nicht mit "libfbxsdk-mt.lib(fbxreaderdxf.obj)" oder an "C:\Users\maxim\Documents\FbxSdkConverter\x64\Debug\libfbxsdk-mt.pdb" gefunden; Objekt wird verknüpft, als ob keine Debuginformationen vorhanden wären.
libfbxsdk-mt.lib(fbxwritercollada14.obj) : warning LNK4099: PDB "libfbxsdk-mt.pdb" wurde nicht mit "libfbxsdk-mt.lib(fbxwritercollada14.obj)" oder an "C:\Users\maxim\Documents\FbxSdkConverter\x64\Debug\libfbxsdk-mt.pdb" gefunden; Objekt wird verknüpft, als ob keine Debuginformationen vorhanden wären.
libfbxsdk-mt.lib(fbxreadercollada14.obj) : warning LNK4099: PDB "libfbxsdk-mt.pdb" wurde nicht mit "libfbxsdk-mt.lib(fbxreadercollada14.obj)" oder an "C:\Users\maxim\Documents\FbxSdkConverter\x64\Debug\libfbxsdk-mt.pdb" gefunden; Objekt wird verknüpft, als ob keine Debuginformationen vorhanden wären.
libfbxsdk-mt.lib(fbxcolladautils.obj) : warning LNK4099: PDB "libfbxsdk-mt.pdb" wurde nicht mit "libfbxsdk-mt.lib(fbxcolladautils.obj)" oder an "C:\Users\maxim\Documents\FbxSdkConverter\x64\Debug\libfbxsdk-mt.pdb" gefunden; Objekt wird verknüpft, als ob keine Debuginformationen vorhanden wären.
libfbxsdk-mt.lib(fbxcolladanamespace.obj) : warning LNK4099: PDB "libfbxsdk-mt.pdb" wurde nicht mit "libfbxsdk-mt.lib(fbxcolladanamespace.obj)" oder an "C:\Users\maxim\Documents\FbxSdkConverter\x64\Debug\libfbxsdk-mt.pdb" gefunden; Objekt wird verknüpft, als ob keine Debuginformationen vorhanden wären.
libfbxsdk-mt.lib(fbxcolladaiostream.obj) : warning LNK4099: PDB "libfbxsdk-mt.pdb" wurde nicht mit "libfbxsdk-mt.lib(fbxcolladaiostream.obj)" oder an "C:\Users\maxim\Documents\FbxSdkConverter\x64\Debug\libfbxsdk-mt.pdb" gefunden; Objekt wird verknüpft, als ob keine Debuginformationen vorhanden wären.
libfbxsdk-mt.lib(fbxcolladaelement.obj) : warning LNK4099: PDB "libfbxsdk-mt.pdb" wurde nicht mit "libfbxsdk-mt.lib(fbxcolladaelement.obj)" oder an "C:\Users\maxim\Documents\FbxSdkConverter\x64\Debug\libfbxsdk-mt.pdb" gefunden; Objekt wird verknüpft, als ob keine Debuginformationen vorhanden wären.
libfbxsdk-mt.lib(fbxcolladaanimationelement.obj) : warning LNK4099: PDB "libfbxsdk-mt.pdb" wurde nicht mit "libfbxsdk-mt.lib(fbxcolladaanimationelement.obj)" oder an "C:\Users\maxim\Documents\FbxSdkConverter\x64\Debug\libfbxsdk-mt.pdb" gefunden; Objekt wird verknüpft, als ob keine Debuginformationen vorhanden wären.
libfbxsdk-mt.lib(fbxwriterbiovision.obj) : warning LNK4099: PDB "libfbxsdk-mt.pdb" wurde nicht mit "libfbxsdk-mt.lib(fbxwriterbiovision.obj)" oder an "C:\Users\maxim\Documents\FbxSdkConverter\x64\Debug\libfbxsdk-mt.pdb" gefunden; Objekt wird verknüpft, als ob keine Debuginformationen vorhanden wären.
libfbxsdk-mt.lib(fbxreaderbiovision.obj) : warning LNK4099: PDB "libfbxsdk-mt.pdb" wurde nicht mit "libfbxsdk-mt.lib(fbxreaderbiovision.obj)" oder an "C:\Users\maxim\Documents\FbxSdkConverter\x64\Debug\libfbxsdk-mt.pdb" gefunden; Objekt wird verknüpft, als ob keine Debuginformationen vorhanden wären.
libfbxsdk-mt.lib(fbxfilebiovision.obj) : warning LNK4099: PDB "libfbxsdk-mt.pdb" wurde nicht mit "libfbxsdk-mt.lib(fbxfilebiovision.obj)" oder an "C:\Users\maxim\Documents\FbxSdkConverter\x64\Debug\libfbxsdk-mt.pdb" gefunden; Objekt wird verknüpft, als ob keine Debuginformationen vorhanden wären.
libfbxsdk-mt.lib(fbxalembicxform.obj) : warning LNK4099: PDB "libfbxsdk-mt.pdb" wurde nicht mit "libfbxsdk-mt.lib(fbxalembicxform.obj)" oder an "C:\Users\maxim\Documents\FbxSdkConverter\x64\Debug\libfbxsdk-mt.pdb" gefunden; Objekt wird verknüpft, als ob keine Debuginformationen vorhanden wären.
libfbxsdk-mt.lib(fbxalembicutils.obj) : warning LNK4099: PDB "libfbxsdk-mt.pdb" wurde nicht mit "libfbxsdk-mt.lib(fbxalembicutils.obj)" oder an "C:\Users\maxim\Documents\FbxSdkConverter\x64\Debug\libfbxsdk-mt.pdb" gefunden; Objekt wird verknüpft, als ob keine Debuginformationen vorhanden wären.
libfbxsdk-mt.lib(fbxalembicreader.obj) : warning LNK4099: PDB "libfbxsdk-mt.pdb" wurde nicht mit "libfbxsdk-mt.lib(fbxalembicreader.obj)" oder an "C:\Users\maxim\Documents\FbxSdkConverter\x64\Debug\libfbxsdk-mt.pdb" gefunden; Objekt wird verknüpft, als ob keine Debuginformationen vorhanden wären.
libfbxsdk-mt.lib(fbxalembicobject.obj) : warning LNK4099: PDB "libfbxsdk-mt.pdb" wurde nicht mit "libfbxsdk-mt.lib(fbxalembicobject.obj)" oder an "C:\Users\maxim\Documents\FbxSdkConverter\x64\Debug\libfbxsdk-mt.pdb" gefunden; Objekt wird verknüpft, als ob keine Debuginformationen vorhanden wären.
libfbxsdk-mt.lib(fbxalembicmaterial.obj) : warning LNK4099: PDB "libfbxsdk-mt.pdb" wurde nicht mit "libfbxsdk-mt.lib(fbxalembicmaterial.obj)" oder an "C:\Users\maxim\Documents\FbxSdkConverter\x64\Debug\libfbxsdk-mt.pdb" gefunden; Objekt wird verknüpft, als ob keine Debuginformationen vorhanden wären.
libfbxsdk-mt.lib(fbxalembicinterface.obj) : warning LNK4099: PDB "libfbxsdk-mt.pdb" wurde nicht mit "libfbxsdk-mt.lib(fbxalembicinterface.obj)" oder an "C:\Users\maxim\Documents\FbxSdkConverter\x64\Debug\libfbxsdk-mt.pdb" gefunden; Objekt wird verknüpft, als ob keine Debuginformationen vorhanden wären.
libfbxsdk-mt.lib(fbxalembicgeometry.obj) : warning LNK4099: PDB "libfbxsdk-mt.pdb" wurde nicht mit "libfbxsdk-mt.lib(fbxalembicgeometry.obj)" oder an "C:\Users\maxim\Documents\FbxSdkConverter\x64\Debug\libfbxsdk-mt.pdb" gefunden; Objekt wird verknüpft, als ob keine Debuginformationen vorhanden wären.
libfbxsdk-mt.lib(fbxwriteradaptiveoptics.obj) : warning LNK4099: PDB "libfbxsdk-mt.pdb" wurde nicht mit "libfbxsdk-mt.lib(fbxwriteradaptiveoptics.obj)" oder an "C:\Users\maxim\Documents\FbxSdkConverter\x64\Debug\libfbxsdk-mt.pdb" gefunden; Objekt wird verknüpft, als ob keine Debuginformationen vorhanden wären.
libfbxsdk-mt.lib(fbxreaderadaptiveoptics.obj) : warning LNK4099: PDB "libfbxsdk-mt.pdb" wurde nicht mit "libfbxsdk-mt.lib(fbxreaderadaptiveoptics.obj)" oder an "C:\Users\maxim\Documents\FbxSdkConverter\x64\Debug\libfbxsdk-mt.pdb" gefunden; Objekt wird verknüpft, als ob keine Debuginformationen vorhanden wären.
libfbxsdk-mt.lib(fbxfileadaptiveoptics.obj) : warning LNK4099: PDB "libfbxsdk-mt.pdb" wurde nicht mit "libfbxsdk-mt.lib(fbxfileadaptiveoptics.obj)" oder an "C:\Users\maxim\Documents\FbxSdkConverter\x64\Debug\libfbxsdk-mt.pdb" gefunden; Objekt wird verknüpft, als ob keine Debuginformationen vorhanden wären.
libfbxsdk-mt.lib(fbxwriteracclaimasf.obj) : warning LNK4099: PDB "libfbxsdk-mt.pdb" wurde nicht mit "libfbxsdk-mt.lib(fbxwriteracclaimasf.obj)" oder an "C:\Users\maxim\Documents\FbxSdkConverter\x64\Debug\libfbxsdk-mt.pdb" gefunden; Objekt wird verknüpft, als ob keine Debuginformationen vorhanden wären.
libfbxsdk-mt.lib(fbxwriteracclaimamc.obj) : warning LNK4099: PDB "libfbxsdk-mt.pdb" wurde nicht mit "libfbxsdk-mt.lib(fbxwriteracclaimamc.obj)" oder an "C:\Users\maxim\Documents\FbxSdkConverter\x64\Debug\libfbxsdk-mt.pdb" gefunden; Objekt wird verknüpft, als ob keine Debuginformationen vorhanden wären.
libfbxsdk-mt.lib(fbxreaderacclaimasf.obj) : warning LNK4099: PDB "libfbxsdk-mt.pdb" wurde nicht mit "libfbxsdk-mt.lib(fbxreaderacclaimasf.obj)" oder an "C:\Users\maxim\Documents\FbxSdkConverter\x64\Debug\libfbxsdk-mt.pdb" gefunden; Objekt wird verknüpft, als ob keine Debuginformationen vorhanden wären.
libfbxsdk-mt.lib(fbxreaderacclaimamc.obj) : warning LNK4099: PDB "libfbxsdk-mt.pdb" wurde nicht mit "libfbxsdk-mt.lib(fbxreaderacclaimamc.obj)" oder an "C:\Users\maxim\Documents\FbxSdkConverter\x64\Debug\libfbxsdk-mt.pdb" gefunden; Objekt wird verknüpft, als ob keine Debuginformationen vorhanden wären.
libfbxsdk-mt.lib(fbxfileacclaimasf.obj) : warning LNK4099: PDB "libfbxsdk-mt.pdb" wurde nicht mit "libfbxsdk-mt.lib(fbxfileacclaimasf.obj)" oder an "C:\Users\maxim\Documents\FbxSdkConverter\x64\Debug\libfbxsdk-mt.pdb" gefunden; Objekt wird verknüpft, als ob keine Debuginformationen vorhanden wären.
libfbxsdk-mt.lib(fbxfileacclaimamc.obj) : warning LNK4099: PDB "libfbxsdk-mt.pdb" wurde nicht mit "libfbxsdk-mt.lib(fbxfileacclaimamc.obj)" oder an "C:\Users\maxim\Documents\FbxSdkConverter\x64\Debug\libfbxsdk-mt.pdb" gefunden; Objekt wird verknüpft, als ob keine Debuginformationen vorhanden wären.
libfbxsdk-mt.lib(chunk3ds.obj) : warning LNK4099: PDB "libfbxsdk-mt.pdb" wurde nicht mit "libfbxsdk-mt.lib(chunk3ds.obj)" oder an "C:\Users\maxim\Documents\FbxSdkConverter\x64\Debug\libfbxsdk-mt.pdb" gefunden; Objekt wird verknüpft, als ob keine Debuginformationen vorhanden wären.
libfbxsdk-mt.lib(3dserr.obj) : warning LNK4099: PDB "libfbxsdk-mt.pdb" wurde nicht mit "libfbxsdk-mt.lib(3dserr.obj)" oder an "C:\Users\maxim\Documents\FbxSdkConverter\x64\Debug\libfbxsdk-mt.pdb" gefunden; Objekt wird verknüpft, als ob keine Debuginformationen vorhanden wären.
libfbxsdk-mt.lib(fbxwriter3ds.obj) : warning LNK4099: PDB "libfbxsdk-mt.pdb" wurde nicht mit "libfbxsdk-mt.lib(fbxwriter3ds.obj)" oder an "C:\Users\maxim\Documents\FbxSdkConverter\x64\Debug\libfbxsdk-mt.pdb" gefunden; Objekt wird verknüpft, als ob keine Debuginformationen vorhanden wären.
libfbxsdk-mt.lib(fbxreader3ds.obj) : warning LNK4099: PDB "libfbxsdk-mt.pdb" wurde nicht mit "libfbxsdk-mt.lib(fbxreader3ds.obj)" oder an "C:\Users\maxim\Documents\FbxSdkConverter\x64\Debug\libfbxsdk-mt.pdb" gefunden; Objekt wird verknüpft, als ob keine Debuginformationen vorhanden wären.
libfbxsdk-mt.lib(fbxwriter.obj) : warning LNK4099: PDB "libfbxsdk-mt.pdb" wurde nicht mit "libfbxsdk-mt.lib(fbxwriter.obj)" oder an "C:\Users\maxim\Documents\FbxSdkConverter\x64\Debug\libfbxsdk-mt.pdb" gefunden; Objekt wird verknüpft, als ob keine Debuginformationen vorhanden wären.
libfbxsdk-mt.lib(fbxstatistics.obj) : warning LNK4099: PDB "libfbxsdk-mt.pdb" wurde nicht mit "libfbxsdk-mt.lib(fbxstatistics.obj)" oder an "C:\Users\maxim\Documents\FbxSdkConverter\x64\Debug\libfbxsdk-mt.pdb" gefunden; Objekt wird verknüpft, als ob keine Debuginformationen vorhanden wären.
libfbxsdk-mt.lib(fbxreader.obj) : warning LNK4099: PDB "libfbxsdk-mt.pdb" wurde nicht mit "libfbxsdk-mt.lib(fbxreader.obj)" oder an "C:\Users\maxim\Documents\FbxSdkConverter\x64\Debug\libfbxsdk-mt.pdb" gefunden; Objekt wird verknüpft, als ob keine Debuginformationen vorhanden wären.
libfbxsdk-mt.lib(fbxiosettings.obj) : warning LNK4099: PDB "libfbxsdk-mt.pdb" wurde nicht mit "libfbxsdk-mt.lib(fbxiosettings.obj)" oder an "C:\Users\maxim\Documents\FbxSdkConverter\x64\Debug\libfbxsdk-mt.pdb" gefunden; Objekt wird verknüpft, als ob keine Debuginformationen vorhanden wären.
libfbxsdk-mt.lib(fbxiopluginregistry.obj) : warning LNK4099: PDB "libfbxsdk-mt.pdb" wurde nicht mit "libfbxsdk-mt.lib(fbxiopluginregistry.obj)" oder an "C:\Users\maxim\Documents\FbxSdkConverter\x64\Debug\libfbxsdk-mt.pdb" gefunden; Objekt wird verknüpft, als ob keine Debuginformationen vorhanden wären.
libfbxsdk-mt.lib(fbxiobase.obj) : warning LNK4099: PDB "libfbxsdk-mt.pdb" wurde nicht mit "libfbxsdk-mt.lib(fbxiobase.obj)" oder an "C:\Users\maxim\Documents\FbxSdkConverter\x64\Debug\libfbxsdk-mt.pdb" gefunden; Objekt wird verknüpft, als ob keine Debuginformationen vorhanden wären.
libfbxsdk-mt.lib(fbxinternalfileio.obj) : warning LNK4099: PDB "libfbxsdk-mt.pdb" wurde nicht mit "libfbxsdk-mt.lib(fbxinternalfileio.obj)" oder an "C:\Users\maxim\Documents\FbxSdkConverter\x64\Debug\libfbxsdk-mt.pdb" gefunden; Objekt wird verknüpft, als ob keine Debuginformationen vorhanden wären.
libfbxsdk-mt.lib(fbximporter.obj) : warning LNK4099: PDB "libfbxsdk-mt.pdb" wurde nicht mit "libfbxsdk-mt.lib(fbximporter.obj)" oder an "C:\Users\maxim\Documents\FbxSdkConverter\x64\Debug\libfbxsdk-mt.pdb" gefunden; Objekt wird verknüpft, als ob keine Debuginformationen vorhanden wären.
libfbxsdk-mt.lib(fbxglobalsettings.obj) : warning LNK4099: PDB "libfbxsdk-mt.pdb" wurde nicht mit "libfbxsdk-mt.lib(fbxglobalsettings.obj)" oder an "C:\Users\maxim\Documents\FbxSdkConverter\x64\Debug\libfbxsdk-mt.pdb" gefunden; Objekt wird verknüpft, als ob keine Debuginformationen vorhanden wären.
libfbxsdk-mt.lib(fbxgloballightsettings.obj) : warning LNK4099: PDB "libfbxsdk-mt.pdb" wurde nicht mit "libfbxsdk-mt.lib(fbxgloballightsettings.obj)" oder an "C:\Users\maxim\Documents\FbxSdkConverter\x64\Debug\libfbxsdk-mt.pdb" gefunden; Objekt wird verknüpft, als ob keine Debuginformationen vorhanden wären.
libfbxsdk-mt.lib(fbxglobalcamerasettings.obj) : warning LNK4099: PDB "libfbxsdk-mt.pdb" wurde nicht mit "libfbxsdk-mt.lib(fbxglobalcamerasettings.obj)" oder an "C:\Users\maxim\Documents\FbxSdkConverter\x64\Debug\libfbxsdk-mt.pdb" gefunden; Objekt wird verknüpft, als ob keine Debuginformationen vorhanden wären.
libfbxsdk-mt.lib(fbxexporter.obj) : warning LNK4099: PDB "libfbxsdk-mt.pdb" wurde nicht mit "libfbxsdk-mt.lib(fbxexporter.obj)" oder an "C:\Users\maxim\Documents\FbxSdkConverter\x64\Debug\libfbxsdk-mt.pdb" gefunden; Objekt wird verknüpft, als ob keine Debuginformationen vorhanden wären.
libfbxsdk-mt.lib(fbxcallbacks.obj) : warning LNK4099: PDB "libfbxsdk-mt.pdb" wurde nicht mit "libfbxsdk-mt.lib(fbxcallbacks.obj)" oder an "C:\Users\maxim\Documents\FbxSdkConverter\x64\Debug\libfbxsdk-mt.pdb" gefunden; Objekt wird verknüpft, als ob keine Debuginformationen vorhanden wären.
libfbxsdk-mt.lib(fbxutils.obj) : warning LNK4099: PDB "libfbxsdk-mt.pdb" wurde nicht mit "libfbxsdk-mt.lib(fbxutils.obj)" oder an "C:\Users\maxim\Documents\FbxSdkConverter\x64\Debug\libfbxsdk-mt.pdb" gefunden; Objekt wird verknüpft, als ob keine Debuginformationen vorhanden wären.
libfbxsdk-mt.lib(fbxstringlist.obj) : warning LNK4099: PDB "libfbxsdk-mt.pdb" wurde nicht mit "libfbxsdk-mt.lib(fbxstringlist.obj)" oder an "C:\Users\maxim\Documents\FbxSdkConverter\x64\Debug\libfbxsdk-mt.pdb" gefunden; Objekt wird verknüpft, als ob keine Debuginformationen vorhanden wären.
libfbxsdk-mt.lib(fbxstatus.obj) : warning LNK4099: PDB "libfbxsdk-mt.pdb" wurde nicht mit "libfbxsdk-mt.lib(fbxstatus.obj)" oder an "C:\Users\maxim\Documents\FbxSdkConverter\x64\Debug\libfbxsdk-mt.pdb" gefunden; Objekt wird verknüpft, als ob keine Debuginformationen vorhanden wären.
libfbxsdk-mt.lib(fbxfolder.obj) : warning LNK4099: PDB "libfbxsdk-mt.pdb" wurde nicht mit "libfbxsdk-mt.lib(fbxfolder.obj)" oder an "C:\Users\maxim\Documents\FbxSdkConverter\x64\Debug\libfbxsdk-mt.pdb" gefunden; Objekt wird verknüpft, als ob keine Debuginformationen vorhanden wären.
libfbxsdk-mt.lib(fbxxref.obj) : warning LNK4099: PDB "libfbxsdk-mt.pdb" wurde nicht mit "libfbxsdk-mt.lib(fbxxref.obj)" oder an "C:\Users\maxim\Documents\FbxSdkConverter\x64\Debug\libfbxsdk-mt.pdb" gefunden; Objekt wird verknüpft, als ob keine Debuginformationen vorhanden wären.
libfbxsdk-mt.lib(fbxsystemunit.obj) : warning LNK4099: PDB "libfbxsdk-mt.pdb" wurde nicht mit "libfbxsdk-mt.lib(fbxsystemunit.obj)" oder an "C:\Users\maxim\Documents\FbxSdkConverter\x64\Debug\libfbxsdk-mt.pdb" gefunden; Objekt wird verknüpft, als ob keine Debuginformationen vorhanden wären.
libfbxsdk-mt.lib(fbxsymbol.obj) : warning LNK4099: PDB "libfbxsdk-mt.pdb" wurde nicht mit "libfbxsdk-mt.lib(fbxsymbol.obj)" oder an "C:\Users\maxim\Documents\FbxSdkConverter\x64\Debug\libfbxsdk-mt.pdb" gefunden; Objekt wird verknüpft, als ob keine Debuginformationen vorhanden wären.
libfbxsdk-mt.lib(fbxscopedloadingfilename.obj) : warning LNK4099: PDB "libfbxsdk-mt.pdb" wurde nicht mit "libfbxsdk-mt.lib(fbxscopedloadingfilename.obj)" oder an "C:\Users\maxim\Documents\FbxSdkConverter\x64\Debug\libfbxsdk-mt.pdb" gefunden; Objekt wird verknüpft, als ob keine Debuginformationen vorhanden wären.
libfbxsdk-mt.lib(fbxscopedloadingdirectory.obj) : warning LNK4099: PDB "libfbxsdk-mt.pdb" wurde nicht mit "libfbxsdk-mt.lib(fbxscopedloadingdirectory.obj)" oder an "C:\Users\maxim\Documents\FbxSdkConverter\x64\Debug\libfbxsdk-mt.pdb" gefunden; Objekt wird verknüpft, als ob keine Debuginformationen vorhanden wären.
libfbxsdk-mt.lib(fbxquery.obj) : warning LNK4099: PDB "libfbxsdk-mt.pdb" wurde nicht mit "libfbxsdk-mt.lib(fbxquery.obj)" oder an "C:\Users\maxim\Documents\FbxSdkConverter\x64\Debug\libfbxsdk-mt.pdb" gefunden; Objekt wird verknüpft, als ob keine Debuginformationen vorhanden wären.
libfbxsdk-mt.lib(fbxpropertypage.obj) : warning LNK4099: PDB "libfbxsdk-mt.pdb" wurde nicht mit "libfbxsdk-mt.lib(fbxpropertypage.obj)" oder an "C:\Users\maxim\Documents\FbxSdkConverter\x64\Debug\libfbxsdk-mt.pdb" gefunden; Objekt wird verknüpft, als ob keine Debuginformationen vorhanden wären.
libfbxsdk-mt.lib(fbxpropertyhandle.obj) : warning LNK4099: PDB "libfbxsdk-mt.pdb" wurde nicht mit "libfbxsdk-mt.lib(fbxpropertyhandle.obj)" oder an "C:\Users\maxim\Documents\FbxSdkConverter\x64\Debug\libfbxsdk-mt.pdb" gefunden; Objekt wird verknüpft, als ob keine Debuginformationen vorhanden wären.
libfbxsdk-mt.lib(fbxproperty.obj) : warning LNK4099: PDB "libfbxsdk-mt.pdb" wurde nicht mit "libfbxsdk-mt.lib(fbxproperty.obj)" oder an "C:\Users\maxim\Documents\FbxSdkConverter\x64\Debug\libfbxsdk-mt.pdb" gefunden; Objekt wird verknüpft, als ob keine Debuginformationen vorhanden wären.
libfbxsdk-mt.lib(fbxplugincontainer.obj) : warning LNK4099: PDB "libfbxsdk-mt.pdb" wurde nicht mit "libfbxsdk-mt.lib(fbxplugincontainer.obj)" oder an "C:\Users\maxim\Documents\FbxSdkConverter\x64\Debug\libfbxsdk-mt.pdb" gefunden; Objekt wird verknüpft, als ob keine Debuginformationen vorhanden wären.
libfbxsdk-mt.lib(fbxplugin.obj) : warning LNK4099: PDB "libfbxsdk-mt.pdb" wurde nicht mit "libfbxsdk-mt.lib(fbxplugin.obj)" oder an "C:\Users\maxim\Documents\FbxSdkConverter\x64\Debug\libfbxsdk-mt.pdb" gefunden; Objekt wird verknüpft, als ob keine Debuginformationen vorhanden wären.
libfbxsdk-mt.lib(fbxperipheral.obj) : warning LNK4099: PDB "libfbxsdk-mt.pdb" wurde nicht mit "libfbxsdk-mt.lib(fbxperipheral.obj)" oder an "C:\Users\maxim\Documents\FbxSdkConverter\x64\Debug\libfbxsdk-mt.pdb" gefunden; Objekt wird verknüpft, als ob keine Debuginformationen vorhanden wären.
libfbxsdk-mt.lib(fbxobject.obj) : warning LNK4099: PDB "libfbxsdk-mt.pdb" wurde nicht mit "libfbxsdk-mt.lib(fbxobject.obj)" oder an "C:\Users\maxim\Documents\FbxSdkConverter\x64\Debug\libfbxsdk-mt.pdb" gefunden; Objekt wird verknüpft, als ob keine Debuginformationen vorhanden wären.
libfbxsdk-mt.lib(fbxmanager.obj) : warning LNK4099: PDB "libfbxsdk-mt.pdb" wurde nicht mit "libfbxsdk-mt.lib(fbxmanager.obj)" oder an "C:\Users\maxim\Documents\FbxSdkConverter\x64\Debug\libfbxsdk-mt.pdb" gefunden; Objekt wird verknüpft, als ob keine Debuginformationen vorhanden wären.
libfbxsdk-mt.lib(fbxloadingstrategy.obj) : warning LNK4099: PDB "libfbxsdk-mt.pdb" wurde nicht mit "libfbxsdk-mt.lib(fbxloadingstrategy.obj)" oder an "C:\Users\maxim\Documents\FbxSdkConverter\x64\Debug\libfbxsdk-mt.pdb" gefunden; Objekt wird verknüpft, als ob keine Debuginformationen vorhanden wären.
libfbxsdk-mt.lib(fbxevents.obj) : warning LNK4099: PDB "libfbxsdk-mt.pdb" wurde nicht mit "libfbxsdk-mt.lib(fbxevents.obj)" oder an "C:\Users\maxim\Documents\FbxSdkConverter\x64\Debug\libfbxsdk-mt.pdb" gefunden; Objekt wird verknüpft, als ob keine Debuginformationen vorhanden wären.
libfbxsdk-mt.lib(fbxdatatypes.obj) : warning LNK4099: PDB "libfbxsdk-mt.pdb" wurde nicht mit "libfbxsdk-mt.lib(fbxdatatypes.obj)" oder an "C:\Users\maxim\Documents\FbxSdkConverter\x64\Debug\libfbxsdk-mt.pdb" gefunden; Objekt wird verknüpft, als ob keine Debuginformationen vorhanden wären.
libfbxsdk-mt.lib(fbxconnectionpoint.obj) : warning LNK4099: PDB "libfbxsdk-mt.pdb" wurde nicht mit "libfbxsdk-mt.lib(fbxconnectionpoint.obj)" oder an "C:\Users\maxim\Documents\FbxSdkConverter\x64\Debug\libfbxsdk-mt.pdb" gefunden; Objekt wird verknüpft, als ob keine Debuginformationen vorhanden wären.
libfbxsdk-mt.lib(fbxclassid.obj) : warning LNK4099: PDB "libfbxsdk-mt.pdb" wurde nicht mit "libfbxsdk-mt.lib(fbxclassid.obj)" oder an "C:\Users\maxim\Documents\FbxSdkConverter\x64\Debug\libfbxsdk-mt.pdb" gefunden; Objekt wird verknüpft, als ob keine Debuginformationen vorhanden wären.
  Assimp.vcxproj -> C:\Users\maxim\Documents\FbxSdkConverter\x64\Debug\FbxSdkConverter.exe
