c:\users\maxim\documents\assimp-object-converter\x64\release\assimp.lib
c:\users\maxim\documents\assimp-object-converter\x64\release\assimp.exp
c:\users\maxim\documents\assimp-object-converter - kopie\x64\release\assimp.lib
c:\users\maxim\documents\assimp-object-converter - kopie\x64\release\assimp.exp
c:\users\maxim\documents\assimp-object-converter\assimp\x64\release\vc142.pdb
c:\users\maxim\documents\assimp-object-converter\assimp\x64\release\datacontainersection.obj
c:\users\maxim\documents\assimp-object-converter\assimp\x64\release\datacontainerparser.obj
c:\users\maxim\documents\assimp-object-converter\assimp\x64\release\transform.obj
c:\users\maxim\documents\assimp-object-converter\assimp\x64\release\modelloaderclass.obj
c:\users\maxim\documents\assimp-object-converter\assimp\x64\release\main.obj
c:\users\maxim\documents\assimp-object-converter\assimp\x64\release\datafilecontainer.obj
c:\users\maxim\documents\assimp-object-converter - kopie\assimp\x64\release\vc142.pdb
c:\users\maxim\documents\assimp-object-converter - kopie\assimp\x64\release\modelloaderclass.obj
c:\users\maxim\documents\assimp-object-converter - kopie\assimp\x64\release\main.obj
c:\users\maxim\documents\assimp-object-converter - kopie\assimp\x64\release\ofbx.obj
c:\users\maxim\documents\assimp-object-converter - kopie\assimp\x64\release\transform.obj
c:\users\maxim\documents\assimp-object-converter - kopie\assimp\x64\release\datafilecontainer.obj
c:\users\maxim\documents\assimp-object-converter - kopie\assimp\x64\release\datacontainersection.obj
c:\users\maxim\documents\assimp-object-converter - kopie\assimp\x64\release\datacontainerparser.obj
c:\users\maxim\documents\assimp-object-converter - kopie\assimp\x64\release\miniz.obj
c:\users\maxim\documents\assimp-object-converter\x64\release\assimp.exe
c:\users\maxim\documents\assimp-object-converter\assimp\x64\release\assimp.ipdb
c:\users\maxim\documents\assimp-object-converter\assimp\x64\release\assimp.iobj
c:\users\maxim\documents\assimp-object-converter\x64\release\assimp.pdb
c:\users\maxim\documents\assimp-object-converter - kopie\x64\release\assimp.exe
c:\users\maxim\documents\assimp-object-converter - kopie\assimp\x64\release\assimp.ipdb
c:\users\maxim\documents\assimp-object-converter - kopie\assimp\x64\release\assimp.iobj
c:\users\maxim\documents\assimp-object-converter - kopie\x64\release\assimp.pdb
c:\users\maxim\documents\assimp-object-converter - kopie\assimp\x64\release\configdataclass.obj
c:\users\maxim\documents\assimp-object-converter - kopie\assimp\x64\release\assimp.tlog\assimp.write.1u.tlog
c:\users\maxim\documents\assimp-object-converter - kopie\assimp\x64\release\assimp.tlog\cl.command.1.tlog
c:\users\maxim\documents\assimp-object-converter - kopie\assimp\x64\release\assimp.tlog\cl.read.1.tlog
c:\users\maxim\documents\assimp-object-converter - kopie\assimp\x64\release\assimp.tlog\cl.write.1.tlog
c:\users\maxim\documents\assimp-object-converter - kopie\assimp\x64\release\assimp.tlog\link.command.1.tlog
c:\users\maxim\documents\assimp-object-converter - kopie\assimp\x64\release\assimp.tlog\link.read.1.tlog
c:\users\maxim\documents\assimp-object-converter - kopie\assimp\x64\release\assimp.tlog\link.write.1.tlog
